<?xml version="1.0" encoding="UTF-8"?>
<testsuite name="register successful user  Utest page" tests="1" skipped="0" failures="0" errors="0" timestamp="2022-01-14T21:55:39" hostname="DESKTOP-3RTO6HB" time="364.751">
  <properties/>
  <testcase name="Register successful" classname="register successful user  Utest page" time="364.751"/>
  <system-out><![CDATA[]]></system-out>
  <system-err><![CDATA[[Test worker] WARN net.thucydides.core.steps.BaseStepListener - stepStarted: net.thucydides.core.steps.ExecutedStepDescription@880a042
[Test worker] WARN net.thucydides.core.steps.BaseStepListener - stepStarted: net.thucydides.core.steps.ExecutedStepDescription@3c69f247
[Test worker] WARN net.thucydides.core.steps.BaseStepListener - stepStarted: net.thucydides.core.steps.ExecutedStepDescription@7bbed4a3
ene 14, 2022 4:55:50 PM org.openqa.selenium.remote.DesiredCapabilities chrome
INFORMACIÓN: Using `new ChromeOptions()` is preferred to `DesiredCapabilities.chrome()`
[Test worker] INFO net.serenitybdd.core.webdriver.driverproviders.ProvideNewDriver - Instantiating driver
[Test worker] INFO net.serenitybdd.core.webdriver.driverproviders.ProvideNewDriver - Driver capabilities: Capabilities {acceptInsecureCerts: false, browserName: chrome, chrome.switches: --start-maximized, goog:chromeOptions: {args: [--start-maximized], extensions: []}, loggingPrefs: org.openqa.selenium.logging..., platform: ANY, version: }
Starting ChromeDriver 96.0.4664.45 (76e4c1bb2ab4671b8beba3444e61c0f17584b2fc-refs/branch-heads/4664@{#947}) on port 41859
Only local connections are allowed.
Please see https://chromedriver.chromium.org/security-considerations for suggestions on keeping ChromeDriver safe.
ChromeDriver was started successfully.
[1642197374.577][WARNING]: This version of ChromeDriver has not been tested with Chrome version 97.
ene 14, 2022 4:56:16 PM org.openqa.selenium.remote.ProtocolHandshake createSession
INFORMACIÓN: Detected dialect: W3C
[Test worker] WARN net.thucydides.core.steps.BaseStepListener - stepFinished: current outcome:Register successful:Given the Dayana wants to enter the Utest page [Dayana open up [Dayana opens the Open home page]]
[Test worker] WARN net.thucydides.core.steps.BaseStepListener - stepStarted: net.thucydides.core.steps.ExecutedStepDescription@9d543f6
[Test worker] WARN net.thucydides.core.steps.BaseStepListener - stepFinished: current outcome:Register successful:Given the Dayana wants to enter the Utest page [Dayana open up [Dayana opens the Open home page, Dayana clicks on Click on the button join today]]
[Test worker] WARN net.thucydides.core.steps.BaseStepListener - stepFinished: current outcome:Register successful:Given the Dayana wants to enter the Utest page [Dayana open up [Dayana opens the Open home page, Dayana clicks on Click on the button join today]]
[Test worker] WARN net.thucydides.core.steps.BaseStepListener - stepFinished: current outcome:Register successful:Given the Dayana wants to enter the Utest page [Dayana open up [Dayana opens the Open home page, Dayana clicks on Click on the button join today]]
[Test worker] WARN net.thucydides.core.steps.BaseStepListener - stepStarted: net.thucydides.core.steps.ExecutedStepDescription@3efd5e99
[Test worker] WARN net.thucydides.core.steps.BaseStepListener - stepStarted: net.thucydides.core.steps.ExecutedStepDescription@77e0063a
[Test worker] WARN net.thucydides.core.steps.BaseStepListener - stepStarted: net.thucydides.core.steps.ExecutedStepDescription@7d4b4c51
[Test worker] WARN net.thucydides.core.steps.BaseStepListener - stepFinished: current outcome:Register successful:Given the Dayana wants to enter the Utest page [Dayana open up [Dayana opens the Open home page, Dayana clicks on Click on the button join today]], When she performs the registration of your personal data
| strNombre | strApellido | strEmail | strMesNacimiento | strDiaNacimiento | strAnoNacimiento | strCiudad | strCodigoPostal | strPais | strComputador | strVersionComputador | strLenguaje | strDispositivosMoviles | strModeloDispositivoMovil | strSoMovil | strContrasena |
| Dayana | Estrada | dash1@test.com | June | 21 | 1999 | Monteria | 123456 | Colombia | Windows | 10 | Spanish | Xiaomi | Redmi Note 8 Pro | Android 9 | Dayana99-123 | [Dayana enter personal data [Dayana enters 'Dayana' into Campo para Nombre del usuario]]
[Test worker] WARN net.thucydides.core.steps.BaseStepListener - stepStarted: net.thucydides.core.steps.ExecutedStepDescription@2baac3a
[Test worker] WARN net.thucydides.core.steps.BaseStepListener - stepFinished: current outcome:Register successful:Given the Dayana wants to enter the Utest page [Dayana open up [Dayana opens the Open home page, Dayana clicks on Click on the button join today]], When she performs the registration of your personal data
| strNombre | strApellido | strEmail | strMesNacimiento | strDiaNacimiento | strAnoNacimiento | strCiudad | strCodigoPostal | strPais | strComputador | strVersionComputador | strLenguaje | strDispositivosMoviles | strModeloDispositivoMovil | strSoMovil | strContrasena |
| Dayana | Estrada | dash1@test.com | June | 21 | 1999 | Monteria | 123456 | Colombia | Windows | 10 | Spanish | Xiaomi | Redmi Note 8 Pro | Android 9 | Dayana99-123 | [Dayana enter personal data [Dayana enters 'Dayana' into Campo para Nombre del usuario, Dayana enters 'Estrada' into Campo para el Apellido del usuario]]
[Test worker] WARN net.thucydides.core.steps.BaseStepListener - stepStarted: net.thucydides.core.steps.ExecutedStepDescription@39f8f6ad
[Test worker] WARN net.thucydides.core.steps.BaseStepListener - stepFinished: current outcome:Register successful:Given the Dayana wants to enter the Utest page [Dayana open up [Dayana opens the Open home page, Dayana clicks on Click on the button join today]], When she performs the registration of your personal data
| strNombre | strApellido | strEmail | strMesNacimiento | strDiaNacimiento | strAnoNacimiento | strCiudad | strCodigoPostal | strPais | strComputador | strVersionComputador | strLenguaje | strDispositivosMoviles | strModeloDispositivoMovil | strSoMovil | strContrasena |
| Dayana | Estrada | dash1@test.com | June | 21 | 1999 | Monteria | 123456 | Colombia | Windows | 10 | Spanish | Xiaomi | Redmi Note 8 Pro | Android 9 | Dayana99-123 | [Dayana enter personal data [Dayana enters 'Dayana' into Campo para Nombre del usuario, Dayana enters 'Estrada' into Campo para el Apellido del usuario, Dayana enters 'dash1@test.com' into Campo para el correo del usuario]]
[Test worker] WARN net.thucydides.core.steps.BaseStepListener - stepStarted: net.thucydides.core.steps.ExecutedStepDescription@4b8b0b1a
[Test worker] WARN net.thucydides.core.steps.BaseStepListener - stepFinished: current outcome:Register successful:Given the Dayana wants to enter the Utest page [Dayana open up [Dayana opens the Open home page, Dayana clicks on Click on the button join today]], When she performs the registration of your personal data
| strNombre | strApellido | strEmail | strMesNacimiento | strDiaNacimiento | strAnoNacimiento | strCiudad | strCodigoPostal | strPais | strComputador | strVersionComputador | strLenguaje | strDispositivosMoviles | strModeloDispositivoMovil | strSoMovil | strContrasena |
| Dayana | Estrada | dash1@test.com | June | 21 | 1999 | Monteria | 123456 | Colombia | Windows | 10 | Spanish | Xiaomi | Redmi Note 8 Pro | Android 9 | Dayana99-123 | [Dayana enter personal data [Dayana enters 'Dayana' into Campo para Nombre del usuario, Dayana enters 'Estrada' into Campo para el Apellido del usuario, Dayana enters 'dash1@test.com' into Campo para el correo del usuario, Dayana select June on Campo para mes de nacimiento de usuario]]
[Test worker] WARN net.thucydides.core.steps.BaseStepListener - stepStarted: net.thucydides.core.steps.ExecutedStepDescription@7f0f65c5
[Test worker] WARN net.thucydides.core.steps.BaseStepListener - stepFinished: current outcome:Register successful:Given the Dayana wants to enter the Utest page [Dayana open up [Dayana opens the Open home page, Dayana clicks on Click on the button join today]], When she performs the registration of your personal data
| strNombre | strApellido | strEmail | strMesNacimiento | strDiaNacimiento | strAnoNacimiento | strCiudad | strCodigoPostal | strPais | strComputador | strVersionComputador | strLenguaje | strDispositivosMoviles | strModeloDispositivoMovil | strSoMovil | strContrasena |
| Dayana | Estrada | dash1@test.com | June | 21 | 1999 | Monteria | 123456 | Colombia | Windows | 10 | Spanish | Xiaomi | Redmi Note 8 Pro | Android 9 | Dayana99-123 | [Dayana enter personal data [Dayana enters 'Dayana' into Campo para Nombre del usuario, Dayana enters 'Estrada' into Campo para el Apellido del usuario, Dayana enters 'dash1@test.com' into Campo para el correo del usuario, Dayana select June on Campo para mes de nacimiento de usuario, Dayana select 21 on Campo para dia de nacimiento de usuario]]
[Test worker] WARN net.thucydides.core.steps.BaseStepListener - stepStarted: net.thucydides.core.steps.ExecutedStepDescription@7df2f573
[Test worker] WARN net.thucydides.core.steps.BaseStepListener - stepFinished: current outcome:Register successful:Given the Dayana wants to enter the Utest page [Dayana open up [Dayana opens the Open home page, Dayana clicks on Click on the button join today]], When she performs the registration of your personal data
| strNombre | strApellido | strEmail | strMesNacimiento | strDiaNacimiento | strAnoNacimiento | strCiudad | strCodigoPostal | strPais | strComputador | strVersionComputador | strLenguaje | strDispositivosMoviles | strModeloDispositivoMovil | strSoMovil | strContrasena |
| Dayana | Estrada | dash1@test.com | June | 21 | 1999 | Monteria | 123456 | Colombia | Windows | 10 | Spanish | Xiaomi | Redmi Note 8 Pro | Android 9 | Dayana99-123 | [Dayana enter personal data [Dayana enters 'Dayana' into Campo para Nombre del usuario, Dayana enters 'Estrada' into Campo para el Apellido del usuario, Dayana enters 'dash1@test.com' into Campo para el correo del usuario, Dayana select June on Campo para mes de nacimiento de usuario, Dayana select 21 on Campo para dia de nacimiento de usuario, Dayana select 1999 on Campo para aÃ±o de nacimiento de usuario]]
[Test worker] WARN net.thucydides.core.steps.BaseStepListener - stepStarted: net.thucydides.core.steps.ExecutedStepDescription@19e3c523
[Test worker] WARN net.thucydides.core.steps.BaseStepListener - stepFinished: current outcome:Register successful:Given the Dayana wants to enter the Utest page [Dayana open up [Dayana opens the Open home page, Dayana clicks on Click on the button join today]], When she performs the registration of your personal data
| strNombre | strApellido | strEmail | strMesNacimiento | strDiaNacimiento | strAnoNacimiento | strCiudad | strCodigoPostal | strPais | strComputador | strVersionComputador | strLenguaje | strDispositivosMoviles | strModeloDispositivoMovil | strSoMovil | strContrasena |
| Dayana | Estrada | dash1@test.com | June | 21 | 1999 | Monteria | 123456 | Colombia | Windows | 10 | Spanish | Xiaomi | Redmi Note 8 Pro | Android 9 | Dayana99-123 | [Dayana enter personal data [Dayana enters 'Dayana' into Campo para Nombre del usuario, Dayana enters 'Estrada' into Campo para el Apellido del usuario, Dayana enters 'dash1@test.com' into Campo para el correo del usuario, Dayana select June on Campo para mes de nacimiento de usuario, Dayana select 21 on Campo para dia de nacimiento de usuario, Dayana select 1999 on Campo para aÃ±o de nacimiento de usuario, Dayana clicks on BotÃ³n para ir a Location]]
[Test worker] WARN net.thucydides.core.steps.BaseStepListener - stepFinished: current outcome:Register successful:Given the Dayana wants to enter the Utest page [Dayana open up [Dayana opens the Open home page, Dayana clicks on Click on the button join today]], When she performs the registration of your personal data
| strNombre | strApellido | strEmail | strMesNacimiento | strDiaNacimiento | strAnoNacimiento | strCiudad | strCodigoPostal | strPais | strComputador | strVersionComputador | strLenguaje | strDispositivosMoviles | strModeloDispositivoMovil | strSoMovil | strContrasena |
| Dayana | Estrada | dash1@test.com | June | 21 | 1999 | Monteria | 123456 | Colombia | Windows | 10 | Spanish | Xiaomi | Redmi Note 8 Pro | Android 9 | Dayana99-123 | [Dayana enter personal data [Dayana enters 'Dayana' into Campo para Nombre del usuario, Dayana enters 'Estrada' into Campo para el Apellido del usuario, Dayana enters 'dash1@test.com' into Campo para el correo del usuario, Dayana select June on Campo para mes de nacimiento de usuario, Dayana select 21 on Campo para dia de nacimiento de usuario, Dayana select 1999 on Campo para aÃ±o de nacimiento de usuario, Dayana clicks on BotÃ³n para ir a Location]]
[Test worker] WARN net.thucydides.core.steps.BaseStepListener - stepStarted: net.thucydides.core.steps.ExecutedStepDescription@67532e8b
[Test worker] WARN net.thucydides.core.steps.BaseStepListener - stepStarted: net.thucydides.core.steps.ExecutedStepDescription@b8a6cc4
[Test worker] WARN net.thucydides.core.steps.BaseStepListener - stepFinished: current outcome:Register successful:Given the Dayana wants to enter the Utest page [Dayana open up [Dayana opens the Open home page, Dayana clicks on Click on the button join today]], When she performs the registration of your personal data
| strNombre | strApellido | strEmail | strMesNacimiento | strDiaNacimiento | strAnoNacimiento | strCiudad | strCodigoPostal | strPais | strComputador | strVersionComputador | strLenguaje | strDispositivosMoviles | strModeloDispositivoMovil | strSoMovil | strContrasena |
| Dayana | Estrada | dash1@test.com | June | 21 | 1999 | Monteria | 123456 | Colombia | Windows | 10 | Spanish | Xiaomi | Redmi Note 8 Pro | Android 9 | Dayana99-123 | [Dayana enter personal data [Dayana enters 'Dayana' into Campo para Nombre del usuario, Dayana enters 'Estrada' into Campo para el Apellido del usuario, Dayana enters 'dash1@test.com' into Campo para el correo del usuario, Dayana select June on Campo para mes de nacimiento de usuario, Dayana select 21 on Campo para dia de nacimiento de usuario, Dayana select 1999 on Campo para aÃ±o de nacimiento de usuario, Dayana clicks on BotÃ³n para ir a Location], Dayana enter location data [Dayana enters 'Monteria' into Campo para Ciudad del usuario]]
[Test worker] WARN net.thucydides.core.steps.BaseStepListener - stepStarted: net.thucydides.core.steps.ExecutedStepDescription@425e68ff
[Test worker] WARN net.thucydides.core.steps.BaseStepListener - stepFinished: current outcome:Register successful:Given the Dayana wants to enter the Utest page [Dayana open up [Dayana opens the Open home page, Dayana clicks on Click on the button join today]], When she performs the registration of your personal data
| strNombre | strApellido | strEmail | strMesNacimiento | strDiaNacimiento | strAnoNacimiento | strCiudad | strCodigoPostal | strPais | strComputador | strVersionComputador | strLenguaje | strDispositivosMoviles | strModeloDispositivoMovil | strSoMovil | strContrasena |
| Dayana | Estrada | dash1@test.com | June | 21 | 1999 | Monteria | 123456 | Colombia | Windows | 10 | Spanish | Xiaomi | Redmi Note 8 Pro | Android 9 | Dayana99-123 | [Dayana enter personal data [Dayana enters 'Dayana' into Campo para Nombre del usuario, Dayana enters 'Estrada' into Campo para el Apellido del usuario, Dayana enters 'dash1@test.com' into Campo para el correo del usuario, Dayana select June on Campo para mes de nacimiento de usuario, Dayana select 21 on Campo para dia de nacimiento de usuario, Dayana select 1999 on Campo para aÃ±o de nacimiento de usuario, Dayana clicks on BotÃ³n para ir a Location], Dayana enter location data [Dayana enters 'Monteria' into Campo para Ciudad del usuario, Dayana types 'ARROW_DOWN' in Campo para Ciudad del usuario]]
[Test worker] WARN net.thucydides.core.steps.BaseStepListener - stepStarted: net.thucydides.core.steps.ExecutedStepDescription@49b58e07
[Test worker] WARN net.thucydides.core.steps.BaseStepListener - stepFinished: current outcome:Register successful:Given the Dayana wants to enter the Utest page [Dayana open up [Dayana opens the Open home page, Dayana clicks on Click on the button join today]], When she performs the registration of your personal data
| strNombre | strApellido | strEmail | strMesNacimiento | strDiaNacimiento | strAnoNacimiento | strCiudad | strCodigoPostal | strPais | strComputador | strVersionComputador | strLenguaje | strDispositivosMoviles | strModeloDispositivoMovil | strSoMovil | strContrasena |
| Dayana | Estrada | dash1@test.com | June | 21 | 1999 | Monteria | 123456 | Colombia | Windows | 10 | Spanish | Xiaomi | Redmi Note 8 Pro | Android 9 | Dayana99-123 | [Dayana enter personal data [Dayana enters 'Dayana' into Campo para Nombre del usuario, Dayana enters 'Estrada' into Campo para el Apellido del usuario, Dayana enters 'dash1@test.com' into Campo para el correo del usuario, Dayana select June on Campo para mes de nacimiento de usuario, Dayana select 21 on Campo para dia de nacimiento de usuario, Dayana select 1999 on Campo para aÃ±o de nacimiento de usuario, Dayana clicks on BotÃ³n para ir a Location], Dayana enter location data [Dayana enters 'Monteria' into Campo para Ciudad del usuario, Dayana types 'ARROW_DOWN' in Campo para Ciudad del usuario, Dayana types 'ENTER' in Campo para Ciudad del usuario]]
[Test worker] WARN net.thucydides.core.steps.BaseStepListener - stepStarted: net.thucydides.core.steps.ExecutedStepDescription@53073b63
[Test worker] WARN net.thucydides.core.steps.BaseStepListener - stepFinished: current outcome:Register successful:Given the Dayana wants to enter the Utest page [Dayana open up [Dayana opens the Open home page, Dayana clicks on Click on the button join today]], When she performs the registration of your personal data
| strNombre | strApellido | strEmail | strMesNacimiento | strDiaNacimiento | strAnoNacimiento | strCiudad | strCodigoPostal | strPais | strComputador | strVersionComputador | strLenguaje | strDispositivosMoviles | strModeloDispositivoMovil | strSoMovil | strContrasena |
| Dayana | Estrada | dash1@test.com | June | 21 | 1999 | Monteria | 123456 | Colombia | Windows | 10 | Spanish | Xiaomi | Redmi Note 8 Pro | Android 9 | Dayana99-123 | [Dayana enter personal data [Dayana enters 'Dayana' into Campo para Nombre del usuario, Dayana enters 'Estrada' into Campo para el Apellido del usuario, Dayana enters 'dash1@test.com' into Campo para el correo del usuario, Dayana select June on Campo para mes de nacimiento de usuario, Dayana select 21 on Campo para dia de nacimiento de usuario, Dayana select 1999 on Campo para aÃ±o de nacimiento de usuario, Dayana clicks on BotÃ³n para ir a Location], Dayana enter location data [Dayana enters 'Monteria' into Campo para Ciudad del usuario, Dayana types 'ARROW_DOWN' in Campo para Ciudad del usuario, Dayana types 'ENTER' in Campo para Ciudad del usuario, Dayana enters '123456' into Campo para CÃ³digo postal del usuario]]
[Test worker] WARN net.thucydides.core.steps.BaseStepListener - stepStarted: net.thucydides.core.steps.ExecutedStepDescription@1ac86bc4
[Test worker] WARN net.thucydides.core.steps.BaseStepListener - stepFinished: current outcome:Register successful:Given the Dayana wants to enter the Utest page [Dayana open up [Dayana opens the Open home page, Dayana clicks on Click on the button join today]], When she performs the registration of your personal data
| strNombre | strApellido | strEmail | strMesNacimiento | strDiaNacimiento | strAnoNacimiento | strCiudad | strCodigoPostal | strPais | strComputador | strVersionComputador | strLenguaje | strDispositivosMoviles | strModeloDispositivoMovil | strSoMovil | strContrasena |
| Dayana | Estrada | dash1@test.com | June | 21 | 1999 | Monteria | 123456 | Colombia | Windows | 10 | Spanish | Xiaomi | Redmi Note 8 Pro | Android 9 | Dayana99-123 | [Dayana enter personal data [Dayana enters 'Dayana' into Campo para Nombre del usuario, Dayana enters 'Estrada' into Campo para el Apellido del usuario, Dayana enters 'dash1@test.com' into Campo para el correo del usuario, Dayana select June on Campo para mes de nacimiento de usuario, Dayana select 21 on Campo para dia de nacimiento de usuario, Dayana select 1999 on Campo para aÃ±o de nacimiento de usuario, Dayana clicks on BotÃ³n para ir a Location], Dayana enter location data [Dayana enters 'Monteria' into Campo para Ciudad del usuario, Dayana types 'ARROW_DOWN' in Campo para Ciudad del usuario, Dayana types 'ENTER' in Campo para Ciudad del usuario, Dayana enters '123456' into Campo para CÃ³digo postal del usuario, Dayana clicks on Contenedor de los paises]]
[Test worker] WARN net.thucydides.core.steps.BaseStepListener - stepStarted: net.thucydides.core.steps.ExecutedStepDescription@1512001e
[Test worker] WARN net.thucydides.core.steps.BaseStepListener - stepFinished: current outcome:Register successful:Given the Dayana wants to enter the Utest page [Dayana open up [Dayana opens the Open home page, Dayana clicks on Click on the button join today]], When she performs the registration of your personal data
| strNombre | strApellido | strEmail | strMesNacimiento | strDiaNacimiento | strAnoNacimiento | strCiudad | strCodigoPostal | strPais | strComputador | strVersionComputador | strLenguaje | strDispositivosMoviles | strModeloDispositivoMovil | strSoMovil | strContrasena |
| Dayana | Estrada | dash1@test.com | June | 21 | 1999 | Monteria | 123456 | Colombia | Windows | 10 | Spanish | Xiaomi | Redmi Note 8 Pro | Android 9 | Dayana99-123 | [Dayana enter personal data [Dayana enters 'Dayana' into Campo para Nombre del usuario, Dayana enters 'Estrada' into Campo para el Apellido del usuario, Dayana enters 'dash1@test.com' into Campo para el correo del usuario, Dayana select June on Campo para mes de nacimiento de usuario, Dayana select 21 on Campo para dia de nacimiento de usuario, Dayana select 1999 on Campo para aÃ±o de nacimiento de usuario, Dayana clicks on BotÃ³n para ir a Location], Dayana enter location data [Dayana enters 'Monteria' into Campo para Ciudad del usuario, Dayana types 'ARROW_DOWN' in Campo para Ciudad del usuario, Dayana types 'ENTER' in Campo para Ciudad del usuario, Dayana enters '123456' into Campo para CÃ³digo postal del usuario, Dayana clicks on Contenedor de los paises, Dayana enters 'Colombia' into Campo para el PaÃ­s del usuario]]
[Test worker] WARN net.thucydides.core.steps.BaseStepListener - stepStarted: net.thucydides.core.steps.ExecutedStepDescription@4c38e716
[Test worker] WARN net.thucydides.core.steps.BaseStepListener - stepFinished: current outcome:Register successful:Given the Dayana wants to enter the Utest page [Dayana open up [Dayana opens the Open home page, Dayana clicks on Click on the button join today]], When she performs the registration of your personal data
| strNombre | strApellido | strEmail | strMesNacimiento | strDiaNacimiento | strAnoNacimiento | strCiudad | strCodigoPostal | strPais | strComputador | strVersionComputador | strLenguaje | strDispositivosMoviles | strModeloDispositivoMovil | strSoMovil | strContrasena |
| Dayana | Estrada | dash1@test.com | June | 21 | 1999 | Monteria | 123456 | Colombia | Windows | 10 | Spanish | Xiaomi | Redmi Note 8 Pro | Android 9 | Dayana99-123 | [Dayana enter personal data [Dayana enters 'Dayana' into Campo para Nombre del usuario, Dayana enters 'Estrada' into Campo para el Apellido del usuario, Dayana enters 'dash1@test.com' into Campo para el correo del usuario, Dayana select June on Campo para mes de nacimiento de usuario, Dayana select 21 on Campo para dia de nacimiento de usuario, Dayana select 1999 on Campo para aÃ±o de nacimiento de usuario, Dayana clicks on BotÃ³n para ir a Location], Dayana enter location data [Dayana enters 'Monteria' into Campo para Ciudad del usuario, Dayana types 'ARROW_DOWN' in Campo para Ciudad del usuario, Dayana types 'ENTER' in Campo para Ciudad del usuario, Dayana enters '123456' into Campo para CÃ³digo postal del usuario, Dayana clicks on Contenedor de los paises, Dayana enters 'Colombia' into Campo para el PaÃ­s del usuario, Dayana clicks on BotÃ³n para ir a Devices]]
[Test worker] WARN net.thucydides.core.steps.BaseStepListener - stepFinished: current outcome:Register successful:Given the Dayana wants to enter the Utest page [Dayana open up [Dayana opens the Open home page, Dayana clicks on Click on the button join today]], When she performs the registration of your personal data
| strNombre | strApellido | strEmail | strMesNacimiento | strDiaNacimiento | strAnoNacimiento | strCiudad | strCodigoPostal | strPais | strComputador | strVersionComputador | strLenguaje | strDispositivosMoviles | strModeloDispositivoMovil | strSoMovil | strContrasena |
| Dayana | Estrada | dash1@test.com | June | 21 | 1999 | Monteria | 123456 | Colombia | Windows | 10 | Spanish | Xiaomi | Redmi Note 8 Pro | Android 9 | Dayana99-123 | [Dayana enter personal data [Dayana enters 'Dayana' into Campo para Nombre del usuario, Dayana enters 'Estrada' into Campo para el Apellido del usuario, Dayana enters 'dash1@test.com' into Campo para el correo del usuario, Dayana select June on Campo para mes de nacimiento de usuario, Dayana select 21 on Campo para dia de nacimiento de usuario, Dayana select 1999 on Campo para aÃ±o de nacimiento de usuario, Dayana clicks on BotÃ³n para ir a Location], Dayana enter location data [Dayana enters 'Monteria' into Campo para Ciudad del usuario, Dayana types 'ARROW_DOWN' in Campo para Ciudad del usuario, Dayana types 'ENTER' in Campo para Ciudad del usuario, Dayana enters '123456' into Campo para CÃ³digo postal del usuario, Dayana clicks on Contenedor de los paises, Dayana enters 'Colombia' into Campo para el PaÃ­s del usuario, Dayana clicks on BotÃ³n para ir a Devices]]
[Test worker] WARN net.thucydides.core.steps.BaseStepListener - stepStarted: net.thucydides.core.steps.ExecutedStepDescription@2e6120e9
[Test worker] WARN net.thucydides.core.steps.BaseStepListener - stepStarted: net.thucydides.core.steps.ExecutedStepDescription@2592cdab
[Test worker] WARN net.thucydides.core.steps.BaseStepListener - stepFinished: current outcome:Register successful:Given the Dayana wants to enter the Utest page [Dayana open up [Dayana opens the Open home page, Dayana clicks on Click on the button join today]], When she performs the registration of your personal data
| strNombre | strApellido | strEmail | strMesNacimiento | strDiaNacimiento | strAnoNacimiento | strCiudad | strCodigoPostal | strPais | strComputador | strVersionComputador | strLenguaje | strDispositivosMoviles | strModeloDispositivoMovil | strSoMovil | strContrasena |
| Dayana | Estrada | dash1@test.com | June | 21 | 1999 | Monteria | 123456 | Colombia | Windows | 10 | Spanish | Xiaomi | Redmi Note 8 Pro | Android 9 | Dayana99-123 | [Dayana enter personal data [Dayana enters 'Dayana' into Campo para Nombre del usuario, Dayana enters 'Estrada' into Campo para el Apellido del usuario, Dayana enters 'dash1@test.com' into Campo para el correo del usuario, Dayana select June on Campo para mes de nacimiento de usuario, Dayana select 21 on Campo para dia de nacimiento de usuario, Dayana select 1999 on Campo para aÃ±o de nacimiento de usuario, Dayana clicks on BotÃ³n para ir a Location], Dayana enter location data [Dayana enters 'Monteria' into Campo para Ciudad del usuario, Dayana types 'ARROW_DOWN' in Campo para Ciudad del usuario, Dayana types 'ENTER' in Campo para Ciudad del usuario, Dayana enters '123456' into Campo para CÃ³digo postal del usuario, Dayana clicks on Contenedor de los paises, Dayana enters 'Colombia' into Campo para el PaÃ­s del usuario, Dayana clicks on BotÃ³n para ir a Devices], Dayana enter devices [Dayana clicks on Contenedor para Computador]]
[Test worker] WARN net.thucydides.core.steps.BaseStepListener - stepStarted: net.thucydides.core.steps.ExecutedStepDescription@7f907609
[Test worker] WARN net.thucydides.core.steps.BaseStepListener - stepFinished: current outcome:Register successful:Given the Dayana wants to enter the Utest page [Dayana open up [Dayana opens the Open home page, Dayana clicks on Click on the button join today]], When she performs the registration of your personal data
| strNombre | strApellido | strEmail | strMesNacimiento | strDiaNacimiento | strAnoNacimiento | strCiudad | strCodigoPostal | strPais | strComputador | strVersionComputador | strLenguaje | strDispositivosMoviles | strModeloDispositivoMovil | strSoMovil | strContrasena |
| Dayana | Estrada | dash1@test.com | June | 21 | 1999 | Monteria | 123456 | Colombia | Windows | 10 | Spanish | Xiaomi | Redmi Note 8 Pro | Android 9 | Dayana99-123 | [Dayana enter personal data [Dayana enters 'Dayana' into Campo para Nombre del usuario, Dayana enters 'Estrada' into Campo para el Apellido del usuario, Dayana enters 'dash1@test.com' into Campo para el correo del usuario, Dayana select June on Campo para mes de nacimiento de usuario, Dayana select 21 on Campo para dia de nacimiento de usuario, Dayana select 1999 on Campo para aÃ±o de nacimiento de usuario, Dayana clicks on BotÃ³n para ir a Location], Dayana enter location data [Dayana enters 'Monteria' into Campo para Ciudad del usuario, Dayana types 'ARROW_DOWN' in Campo para Ciudad del usuario, Dayana types 'ENTER' in Campo para Ciudad del usuario, Dayana enters '123456' into Campo para CÃ³digo postal del usuario, Dayana clicks on Contenedor de los paises, Dayana enters 'Colombia' into Campo para el PaÃ­s del usuario, Dayana clicks on BotÃ³n para ir a Devices], Dayana enter devices [Dayana clicks on Contenedor para Computador, Dayana enters 'Windows' then hits ARROW_DOWN and ENTER into Campo para Computador]]
[Test worker] WARN net.thucydides.core.steps.BaseStepListener - stepStarted: net.thucydides.core.steps.ExecutedStepDescription@613d6d50
[Test worker] WARN net.thucydides.core.steps.BaseStepListener - stepFinished: current outcome:Register successful:Given the Dayana wants to enter the Utest page [Dayana open up [Dayana opens the Open home page, Dayana clicks on Click on the button join today]], When she performs the registration of your personal data
| strNombre | strApellido | strEmail | strMesNacimiento | strDiaNacimiento | strAnoNacimiento | strCiudad | strCodigoPostal | strPais | strComputador | strVersionComputador | strLenguaje | strDispositivosMoviles | strModeloDispositivoMovil | strSoMovil | strContrasena |
| Dayana | Estrada | dash1@test.com | June | 21 | 1999 | Monteria | 123456 | Colombia | Windows | 10 | Spanish | Xiaomi | Redmi Note 8 Pro | Android 9 | Dayana99-123 | [Dayana enter personal data [Dayana enters 'Dayana' into Campo para Nombre del usuario, Dayana enters 'Estrada' into Campo para el Apellido del usuario, Dayana enters 'dash1@test.com' into Campo para el correo del usuario, Dayana select June on Campo para mes de nacimiento de usuario, Dayana select 21 on Campo para dia de nacimiento de usuario, Dayana select 1999 on Campo para aÃ±o de nacimiento de usuario, Dayana clicks on BotÃ³n para ir a Location], Dayana enter location data [Dayana enters 'Monteria' into Campo para Ciudad del usuario, Dayana types 'ARROW_DOWN' in Campo para Ciudad del usuario, Dayana types 'ENTER' in Campo para Ciudad del usuario, Dayana enters '123456' into Campo para CÃ³digo postal del usuario, Dayana clicks on Contenedor de los paises, Dayana enters 'Colombia' into Campo para el PaÃ­s del usuario, Dayana clicks on BotÃ³n para ir a Devices], Dayana enter devices [Dayana clicks on Contenedor para Computador, Dayana enters 'Windows' then hits ARROW_DOWN and ENTER into Campo para Computador, Dayana clicks on Contenedor para VersiÃ³n]]
[Test worker] WARN net.thucydides.core.steps.BaseStepListener - stepStarted: net.thucydides.core.steps.ExecutedStepDescription@4bb76e98
[Test worker] WARN net.thucydides.core.steps.BaseStepListener - stepFinished: current outcome:Register successful:Given the Dayana wants to enter the Utest page [Dayana open up [Dayana opens the Open home page, Dayana clicks on Click on the button join today]], When she performs the registration of your personal data
| strNombre | strApellido | strEmail | strMesNacimiento | strDiaNacimiento | strAnoNacimiento | strCiudad | strCodigoPostal | strPais | strComputador | strVersionComputador | strLenguaje | strDispositivosMoviles | strModeloDispositivoMovil | strSoMovil | strContrasena |
| Dayana | Estrada | dash1@test.com | June | 21 | 1999 | Monteria | 123456 | Colombia | Windows | 10 | Spanish | Xiaomi | Redmi Note 8 Pro | Android 9 | Dayana99-123 | [Dayana enter personal data [Dayana enters 'Dayana' into Campo para Nombre del usuario, Dayana enters 'Estrada' into Campo para el Apellido del usuario, Dayana enters 'dash1@test.com' into Campo para el correo del usuario, Dayana select June on Campo para mes de nacimiento de usuario, Dayana select 21 on Campo para dia de nacimiento de usuario, Dayana select 1999 on Campo para aÃ±o de nacimiento de usuario, Dayana clicks on BotÃ³n para ir a Location], Dayana enter location data [Dayana enters 'Monteria' into Campo para Ciudad del usuario, Dayana types 'ARROW_DOWN' in Campo para Ciudad del usuario, Dayana types 'ENTER' in Campo para Ciudad del usuario, Dayana enters '123456' into Campo para CÃ³digo postal del usuario, Dayana clicks on Contenedor de los paises, Dayana enters 'Colombia' into Campo para el PaÃ­s del usuario, Dayana clicks on BotÃ³n para ir a Devices], Dayana enter devices [Dayana clicks on Contenedor para Computador, Dayana enters 'Windows' then hits ARROW_DOWN and ENTER into Campo para Computador, Dayana clicks on Contenedor para VersiÃ³n, Dayana enters '10' then hits ARROW_DOWN and ENTER into Campo para VersiÃ³n]]
[Test worker] WARN net.thucydides.core.steps.BaseStepListener - stepStarted: net.thucydides.core.steps.ExecutedStepDescription@1f291300
[Test worker] WARN net.thucydides.core.steps.BaseStepListener - stepFinished: current outcome:Register successful:Given the Dayana wants to enter the Utest page [Dayana open up [Dayana opens the Open home page, Dayana clicks on Click on the button join today]], When she performs the registration of your personal data
| strNombre | strApellido | strEmail | strMesNacimiento | strDiaNacimiento | strAnoNacimiento | strCiudad | strCodigoPostal | strPais | strComputador | strVersionComputador | strLenguaje | strDispositivosMoviles | strModeloDispositivoMovil | strSoMovil | strContrasena |
| Dayana | Estrada | dash1@test.com | June | 21 | 1999 | Monteria | 123456 | Colombia | Windows | 10 | Spanish | Xiaomi | Redmi Note 8 Pro | Android 9 | Dayana99-123 | [Dayana enter personal data [Dayana enters 'Dayana' into Campo para Nombre del usuario, Dayana enters 'Estrada' into Campo para el Apellido del usuario, Dayana enters 'dash1@test.com' into Campo para el correo del usuario, Dayana select June on Campo para mes de nacimiento de usuario, Dayana select 21 on Campo para dia de nacimiento de usuario, Dayana select 1999 on Campo para aÃ±o de nacimiento de usuario, Dayana clicks on BotÃ³n para ir a Location], Dayana enter location data [Dayana enters 'Monteria' into Campo para Ciudad del usuario, Dayana types 'ARROW_DOWN' in Campo para Ciudad del usuario, Dayana types 'ENTER' in Campo para Ciudad del usuario, Dayana enters '123456' into Campo para CÃ³digo postal del usuario, Dayana clicks on Contenedor de los paises, Dayana enters 'Colombia' into Campo para el PaÃ­s del usuario, Dayana clicks on BotÃ³n para ir a Devices], Dayana enter devices [Dayana clicks on Contenedor para Computador, Dayana enters 'Windows' then hits ARROW_DOWN and ENTER into Campo para Computador, Dayana clicks on Contenedor para VersiÃ³n, Dayana enters '10' then hits ARROW_DOWN and ENTER into Campo para VersiÃ³n, Dayana clicks on Contenedor para Lenguaje]]
[Test worker] WARN net.thucydides.core.steps.BaseStepListener - stepStarted: net.thucydides.core.steps.ExecutedStepDescription@5b569535
[Test worker] WARN net.thucydides.core.steps.BaseStepListener - stepFinished: current outcome:Register successful:Given the Dayana wants to enter the Utest page [Dayana open up [Dayana opens the Open home page, Dayana clicks on Click on the button join today]], When she performs the registration of your personal data
| strNombre | strApellido | strEmail | strMesNacimiento | strDiaNacimiento | strAnoNacimiento | strCiudad | strCodigoPostal | strPais | strComputador | strVersionComputador | strLenguaje | strDispositivosMoviles | strModeloDispositivoMovil | strSoMovil | strContrasena |
| Dayana | Estrada | dash1@test.com | June | 21 | 1999 | Monteria | 123456 | Colombia | Windows | 10 | Spanish | Xiaomi | Redmi Note 8 Pro | Android 9 | Dayana99-123 | [Dayana enter personal data [Dayana enters 'Dayana' into Campo para Nombre del usuario, Dayana enters 'Estrada' into Campo para el Apellido del usuario, Dayana enters 'dash1@test.com' into Campo para el correo del usuario, Dayana select June on Campo para mes de nacimiento de usuario, Dayana select 21 on Campo para dia de nacimiento de usuario, Dayana select 1999 on Campo para aÃ±o de nacimiento de usuario, Dayana clicks on BotÃ³n para ir a Location], Dayana enter location data [Dayana enters 'Monteria' into Campo para Ciudad del usuario, Dayana types 'ARROW_DOWN' in Campo para Ciudad del usuario, Dayana types 'ENTER' in Campo para Ciudad del usuario, Dayana enters '123456' into Campo para CÃ³digo postal del usuario, Dayana clicks on Contenedor de los paises, Dayana enters 'Colombia' into Campo para el PaÃ­s del usuario, Dayana clicks on BotÃ³n para ir a Devices], Dayana enter devices [Dayana clicks on Contenedor para Computador, Dayana enters 'Windows' then hits ARROW_DOWN and ENTER into Campo para Computador, Dayana clicks on Contenedor para VersiÃ³n, Dayana enters '10' then hits ARROW_DOWN and ENTER into Campo para VersiÃ³n, Dayana clicks on Contenedor para Lenguaje, Dayana enters 'Spanish' then hits ARROW_DOWN and ENTER into Campo para Lenguaje]]
[Test worker] WARN net.thucydides.core.steps.BaseStepListener - stepStarted: net.thucydides.core.steps.ExecutedStepDescription@34431af8
[Test worker] WARN net.thucydides.core.steps.BaseStepListener - stepFinished: current outcome:Register successful:Given the Dayana wants to enter the Utest page [Dayana open up [Dayana opens the Open home page, Dayana clicks on Click on the button join today]], When she performs the registration of your personal data
| strNombre | strApellido | strEmail | strMesNacimiento | strDiaNacimiento | strAnoNacimiento | strCiudad | strCodigoPostal | strPais | strComputador | strVersionComputador | strLenguaje | strDispositivosMoviles | strModeloDispositivoMovil | strSoMovil | strContrasena |
| Dayana | Estrada | dash1@test.com | June | 21 | 1999 | Monteria | 123456 | Colombia | Windows | 10 | Spanish | Xiaomi | Redmi Note 8 Pro | Android 9 | Dayana99-123 | [Dayana enter personal data [Dayana enters 'Dayana' into Campo para Nombre del usuario, Dayana enters 'Estrada' into Campo para el Apellido del usuario, Dayana enters 'dash1@test.com' into Campo para el correo del usuario, Dayana select June on Campo para mes de nacimiento de usuario, Dayana select 21 on Campo para dia de nacimiento de usuario, Dayana select 1999 on Campo para aÃ±o de nacimiento de usuario, Dayana clicks on BotÃ³n para ir a Location], Dayana enter location data [Dayana enters 'Monteria' into Campo para Ciudad del usuario, Dayana types 'ARROW_DOWN' in Campo para Ciudad del usuario, Dayana types 'ENTER' in Campo para Ciudad del usuario, Dayana enters '123456' into Campo para CÃ³digo postal del usuario, Dayana clicks on Contenedor de los paises, Dayana enters 'Colombia' into Campo para el PaÃ­s del usuario, Dayana clicks on BotÃ³n para ir a Devices], Dayana enter devices [Dayana clicks on Contenedor para Computador, Dayana enters 'Windows' then hits ARROW_DOWN and ENTER into Campo para Computador, Dayana clicks on Contenedor para VersiÃ³n, Dayana enters '10' then hits ARROW_DOWN and ENTER into Campo para VersiÃ³n, Dayana clicks on Contenedor para Lenguaje, Dayana enters 'Spanish' then hits ARROW_DOWN and ENTER into Campo para Lenguaje, Dayana clicks on Contenedor para Dispositivos MÃ³vil]]
[Test worker] WARN net.thucydides.core.steps.BaseStepListener - stepStarted: net.thucydides.core.steps.ExecutedStepDescription@56baa6b9
[Test worker] WARN net.thucydides.core.steps.BaseStepListener - stepFinished: current outcome:Register successful:Given the Dayana wants to enter the Utest page [Dayana open up [Dayana opens the Open home page, Dayana clicks on Click on the button join today]], When she performs the registration of your personal data
| strNombre | strApellido | strEmail | strMesNacimiento | strDiaNacimiento | strAnoNacimiento | strCiudad | strCodigoPostal | strPais | strComputador | strVersionComputador | strLenguaje | strDispositivosMoviles | strModeloDispositivoMovil | strSoMovil | strContrasena |
| Dayana | Estrada | dash1@test.com | June | 21 | 1999 | Monteria | 123456 | Colombia | Windows | 10 | Spanish | Xiaomi | Redmi Note 8 Pro | Android 9 | Dayana99-123 | [Dayana enter personal data [Dayana enters 'Dayana' into Campo para Nombre del usuario, Dayana enters 'Estrada' into Campo para el Apellido del usuario, Dayana enters 'dash1@test.com' into Campo para el correo del usuario, Dayana select June on Campo para mes de nacimiento de usuario, Dayana select 21 on Campo para dia de nacimiento de usuario, Dayana select 1999 on Campo para aÃ±o de nacimiento de usuario, Dayana clicks on BotÃ³n para ir a Location], Dayana enter location data [Dayana enters 'Monteria' into Campo para Ciudad del usuario, Dayana types 'ARROW_DOWN' in Campo para Ciudad del usuario, Dayana types 'ENTER' in Campo para Ciudad del usuario, Dayana enters '123456' into Campo para CÃ³digo postal del usuario, Dayana clicks on Contenedor de los paises, Dayana enters 'Colombia' into Campo para el PaÃ­s del usuario, Dayana clicks on BotÃ³n para ir a Devices], Dayana enter devices [Dayana clicks on Contenedor para Computador, Dayana enters 'Windows' then hits ARROW_DOWN and ENTER into Campo para Computador, Dayana clicks on Contenedor para VersiÃ³n, Dayana enters '10' then hits ARROW_DOWN and ENTER into Campo para VersiÃ³n, Dayana clicks on Contenedor para Lenguaje, Dayana enters 'Spanish' then hits ARROW_DOWN and ENTER into Campo para Lenguaje, Dayana clicks on Contenedor para Dispositivos MÃ³vil, Dayana enters 'Xiaomi' then hits ARROW_DOWN and ENTER into Campo para dispositivo MÃ³vil]]
[Test worker] WARN net.thucydides.core.steps.BaseStepListener - stepStarted: net.thucydides.core.steps.ExecutedStepDescription@61ece405
[Test worker] WARN net.thucydides.core.steps.BaseStepListener - stepFinished: current outcome:Register successful:Given the Dayana wants to enter the Utest page [Dayana open up [Dayana opens the Open home page, Dayana clicks on Click on the button join today]], When she performs the registration of your personal data
| strNombre | strApellido | strEmail | strMesNacimiento | strDiaNacimiento | strAnoNacimiento | strCiudad | strCodigoPostal | strPais | strComputador | strVersionComputador | strLenguaje | strDispositivosMoviles | strModeloDispositivoMovil | strSoMovil | strContrasena |
| Dayana | Estrada | dash1@test.com | June | 21 | 1999 | Monteria | 123456 | Colombia | Windows | 10 | Spanish | Xiaomi | Redmi Note 8 Pro | Android 9 | Dayana99-123 | [Dayana enter personal data [Dayana enters 'Dayana' into Campo para Nombre del usuario, Dayana enters 'Estrada' into Campo para el Apellido del usuario, Dayana enters 'dash1@test.com' into Campo para el correo del usuario, Dayana select June on Campo para mes de nacimiento de usuario, Dayana select 21 on Campo para dia de nacimiento de usuario, Dayana select 1999 on Campo para aÃ±o de nacimiento de usuario, Dayana clicks on BotÃ³n para ir a Location], Dayana enter location data [Dayana enters 'Monteria' into Campo para Ciudad del usuario, Dayana types 'ARROW_DOWN' in Campo para Ciudad del usuario, Dayana types 'ENTER' in Campo para Ciudad del usuario, Dayana enters '123456' into Campo para CÃ³digo postal del usuario, Dayana clicks on Contenedor de los paises, Dayana enters 'Colombia' into Campo para el PaÃ­s del usuario, Dayana clicks on BotÃ³n para ir a Devices], Dayana enter devices [Dayana clicks on Contenedor para Computador, Dayana enters 'Windows' then hits ARROW_DOWN and ENTER into Campo para Computador, Dayana clicks on Contenedor para VersiÃ³n, Dayana enters '10' then hits ARROW_DOWN and ENTER into Campo para VersiÃ³n, Dayana clicks on Contenedor para Lenguaje, Dayana enters 'Spanish' then hits ARROW_DOWN and ENTER into Campo para Lenguaje, Dayana clicks on Contenedor para Dispositivos MÃ³vil, Dayana enters 'Xiaomi' then hits ARROW_DOWN and ENTER into Campo para dispositivo MÃ³vil, Dayana clicks on Contenedor para modelo del dispositivo MÃ³vil]]
[Test worker] WARN net.thucydides.core.steps.BaseStepListener - stepStarted: net.thucydides.core.steps.ExecutedStepDescription@58456a98
[Test worker] WARN net.thucydides.core.steps.BaseStepListener - stepFinished: current outcome:Register successful:Given the Dayana wants to enter the Utest page [Dayana open up [Dayana opens the Open home page, Dayana clicks on Click on the button join today]], When she performs the registration of your personal data
| strNombre | strApellido | strEmail | strMesNacimiento | strDiaNacimiento | strAnoNacimiento | strCiudad | strCodigoPostal | strPais | strComputador | strVersionComputador | strLenguaje | strDispositivosMoviles | strModeloDispositivoMovil | strSoMovil | strContrasena |
| Dayana | Estrada | dash1@test.com | June | 21 | 1999 | Monteria | 123456 | Colombia | Windows | 10 | Spanish | Xiaomi | Redmi Note 8 Pro | Android 9 | Dayana99-123 | [Dayana enter personal data [Dayana enters 'Dayana' into Campo para Nombre del usuario, Dayana enters 'Estrada' into Campo para el Apellido del usuario, Dayana enters 'dash1@test.com' into Campo para el correo del usuario, Dayana select June on Campo para mes de nacimiento de usuario, Dayana select 21 on Campo para dia de nacimiento de usuario, Dayana select 1999 on Campo para aÃ±o de nacimiento de usuario, Dayana clicks on BotÃ³n para ir a Location], Dayana enter location data [Dayana enters 'Monteria' into Campo para Ciudad del usuario, Dayana types 'ARROW_DOWN' in Campo para Ciudad del usuario, Dayana types 'ENTER' in Campo para Ciudad del usuario, Dayana enters '123456' into Campo para CÃ³digo postal del usuario, Dayana clicks on Contenedor de los paises, Dayana enters 'Colombia' into Campo para el PaÃ­s del usuario, Dayana clicks on BotÃ³n para ir a Devices], Dayana enter devices [Dayana clicks on Contenedor para Computador, Dayana enters 'Windows' then hits ARROW_DOWN and ENTER into Campo para Computador, Dayana clicks on Contenedor para VersiÃ³n, Dayana enters '10' then hits ARROW_DOWN and ENTER into Campo para VersiÃ³n, Dayana clicks on Contenedor para Lenguaje, Dayana enters 'Spanish' then hits ARROW_DOWN and ENTER into Campo para Lenguaje, Dayana clicks on Contenedor para Dispositivos MÃ³vil, Dayana enters 'Xiaomi' then hits ARROW_DOWN and ENTER into Campo para dispositivo MÃ³vil, Dayana clicks on Contenedor para modelo del dispositivo MÃ³vil, Dayana enters 'Redmi Note 8 Pro' then hits [ENTER] into Campo para el mÃ³delo del dispositivo mÃ³vil]]
[Test worker] WARN net.thucydides.core.steps.BaseStepListener - stepStarted: net.thucydides.core.steps.ExecutedStepDescription@7d4ecc8b
[Test worker] WARN net.thucydides.core.steps.BaseStepListener - stepFinished: current outcome:Register successful:Given the Dayana wants to enter the Utest page [Dayana open up [Dayana opens the Open home page, Dayana clicks on Click on the button join today]], When she performs the registration of your personal data
| strNombre | strApellido | strEmail | strMesNacimiento | strDiaNacimiento | strAnoNacimiento | strCiudad | strCodigoPostal | strPais | strComputador | strVersionComputador | strLenguaje | strDispositivosMoviles | strModeloDispositivoMovil | strSoMovil | strContrasena |
| Dayana | Estrada | dash1@test.com | June | 21 | 1999 | Monteria | 123456 | Colombia | Windows | 10 | Spanish | Xiaomi | Redmi Note 8 Pro | Android 9 | Dayana99-123 | [Dayana enter personal data [Dayana enters 'Dayana' into Campo para Nombre del usuario, Dayana enters 'Estrada' into Campo para el Apellido del usuario, Dayana enters 'dash1@test.com' into Campo para el correo del usuario, Dayana select June on Campo para mes de nacimiento de usuario, Dayana select 21 on Campo para dia de nacimiento de usuario, Dayana select 1999 on Campo para aÃ±o de nacimiento de usuario, Dayana clicks on BotÃ³n para ir a Location], Dayana enter location data [Dayana enters 'Monteria' into Campo para Ciudad del usuario, Dayana types 'ARROW_DOWN' in Campo para Ciudad del usuario, Dayana types 'ENTER' in Campo para Ciudad del usuario, Dayana enters '123456' into Campo para CÃ³digo postal del usuario, Dayana clicks on Contenedor de los paises, Dayana enters 'Colombia' into Campo para el PaÃ­s del usuario, Dayana clicks on BotÃ³n para ir a Devices], Dayana enter devices [Dayana clicks on Contenedor para Computador, Dayana enters 'Windows' then hits ARROW_DOWN and ENTER into Campo para Computador, Dayana clicks on Contenedor para VersiÃ³n, Dayana enters '10' then hits ARROW_DOWN and ENTER into Campo para VersiÃ³n, Dayana clicks on Contenedor para Lenguaje, Dayana enters 'Spanish' then hits ARROW_DOWN and ENTER into Campo para Lenguaje, Dayana clicks on Contenedor para Dispositivos MÃ³vil, Dayana enters 'Xiaomi' then hits ARROW_DOWN and ENTER into Campo para dispositivo MÃ³vil, Dayana clicks on Contenedor para modelo del dispositivo MÃ³vil, Dayana enters 'Redmi Note 8 Pro' then hits [ENTER] into Campo para el mÃ³delo del dispositivo mÃ³vil, Dayana clicks on Contenedor para el SO del dispositivo MÃ³vil]]
[Test worker] WARN net.thucydides.core.steps.BaseStepListener - stepStarted: net.thucydides.core.steps.ExecutedStepDescription@8d30267
[Test worker] WARN net.thucydides.core.steps.BaseStepListener - stepFinished: current outcome:Register successful:Given the Dayana wants to enter the Utest page [Dayana open up [Dayana opens the Open home page, Dayana clicks on Click on the button join today]], When she performs the registration of your personal data
| strNombre | strApellido | strEmail | strMesNacimiento | strDiaNacimiento | strAnoNacimiento | strCiudad | strCodigoPostal | strPais | strComputador | strVersionComputador | strLenguaje | strDispositivosMoviles | strModeloDispositivoMovil | strSoMovil | strContrasena |
| Dayana | Estrada | dash1@test.com | June | 21 | 1999 | Monteria | 123456 | Colombia | Windows | 10 | Spanish | Xiaomi | Redmi Note 8 Pro | Android 9 | Dayana99-123 | [Dayana enter personal data [Dayana enters 'Dayana' into Campo para Nombre del usuario, Dayana enters 'Estrada' into Campo para el Apellido del usuario, Dayana enters 'dash1@test.com' into Campo para el correo del usuario, Dayana select June on Campo para mes de nacimiento de usuario, Dayana select 21 on Campo para dia de nacimiento de usuario, Dayana select 1999 on Campo para aÃ±o de nacimiento de usuario, Dayana clicks on BotÃ³n para ir a Location], Dayana enter location data [Dayana enters 'Monteria' into Campo para Ciudad del usuario, Dayana types 'ARROW_DOWN' in Campo para Ciudad del usuario, Dayana types 'ENTER' in Campo para Ciudad del usuario, Dayana enters '123456' into Campo para CÃ³digo postal del usuario, Dayana clicks on Contenedor de los paises, Dayana enters 'Colombia' into Campo para el PaÃ­s del usuario, Dayana clicks on BotÃ³n para ir a Devices], Dayana enter devices [Dayana clicks on Contenedor para Computador, Dayana enters 'Windows' then hits ARROW_DOWN and ENTER into Campo para Computador, Dayana clicks on Contenedor para VersiÃ³n, Dayana enters '10' then hits ARROW_DOWN and ENTER into Campo para VersiÃ³n, Dayana clicks on Contenedor para Lenguaje, Dayana enters 'Spanish' then hits ARROW_DOWN and ENTER into Campo para Lenguaje, Dayana clicks on Contenedor para Dispositivos MÃ³vil, Dayana enters 'Xiaomi' then hits ARROW_DOWN and ENTER into Campo para dispositivo MÃ³vil, Dayana clicks on Contenedor para modelo del dispositivo MÃ³vil, Dayana enters 'Redmi Note 8 Pro' then hits [ENTER] into Campo para el mÃ³delo del dispositivo mÃ³vil, Dayana clicks on Contenedor para el SO del dispositivo MÃ³vil, Dayana enters 'Android 9' then hits [ENTER] into Campo para el SO del dispositivo mÃ³vil]]
[Test worker] WARN net.thucydides.core.steps.BaseStepListener - stepStarted: net.thucydides.core.steps.ExecutedStepDescription@269021ab
[Test worker] WARN net.thucydides.core.steps.BaseStepListener - stepFinished: current outcome:Register successful:Given the Dayana wants to enter the Utest page [Dayana open up [Dayana opens the Open home page, Dayana clicks on Click on the button join today]], When she performs the registration of your personal data
| strNombre | strApellido | strEmail | strMesNacimiento | strDiaNacimiento | strAnoNacimiento | strCiudad | strCodigoPostal | strPais | strComputador | strVersionComputador | strLenguaje | strDispositivosMoviles | strModeloDispositivoMovil | strSoMovil | strContrasena |
| Dayana | Estrada | dash1@test.com | June | 21 | 1999 | Monteria | 123456 | Colombia | Windows | 10 | Spanish | Xiaomi | Redmi Note 8 Pro | Android 9 | Dayana99-123 | [Dayana enter personal data [Dayana enters 'Dayana' into Campo para Nombre del usuario, Dayana enters 'Estrada' into Campo para el Apellido del usuario, Dayana enters 'dash1@test.com' into Campo para el correo del usuario, Dayana select June on Campo para mes de nacimiento de usuario, Dayana select 21 on Campo para dia de nacimiento de usuario, Dayana select 1999 on Campo para aÃ±o de nacimiento de usuario, Dayana clicks on BotÃ³n para ir a Location], Dayana enter location data [Dayana enters 'Monteria' into Campo para Ciudad del usuario, Dayana types 'ARROW_DOWN' in Campo para Ciudad del usuario, Dayana types 'ENTER' in Campo para Ciudad del usuario, Dayana enters '123456' into Campo para CÃ³digo postal del usuario, Dayana clicks on Contenedor de los paises, Dayana enters 'Colombia' into Campo para el PaÃ­s del usuario, Dayana clicks on BotÃ³n para ir a Devices], Dayana enter devices [Dayana clicks on Contenedor para Computador, Dayana enters 'Windows' then hits ARROW_DOWN and ENTER into Campo para Computador, Dayana clicks on Contenedor para VersiÃ³n, Dayana enters '10' then hits ARROW_DOWN and ENTER into Campo para VersiÃ³n, Dayana clicks on Contenedor para Lenguaje, Dayana enters 'Spanish' then hits ARROW_DOWN and ENTER into Campo para Lenguaje, Dayana clicks on Contenedor para Dispositivos MÃ³vil, Dayana enters 'Xiaomi' then hits ARROW_DOWN and ENTER into Campo para dispositivo MÃ³vil, Dayana clicks on Contenedor para modelo del dispositivo MÃ³vil, Dayana enters 'Redmi Note 8 Pro' then hits [ENTER] into Campo para el mÃ³delo del dispositivo mÃ³vil, Dayana clicks on Contenedor para el SO del dispositivo MÃ³vil, Dayana enters 'Android 9' then hits [ENTER] into Campo para el SO del dispositivo mÃ³vil, Dayana clicks on BotÃ³n para finalizar]]
[Test worker] WARN net.thucydides.core.steps.BaseStepListener - stepFinished: current outcome:Register successful:Given the Dayana wants to enter the Utest page [Dayana open up [Dayana opens the Open home page, Dayana clicks on Click on the button join today]], When she performs the registration of your personal data
| strNombre | strApellido | strEmail | strMesNacimiento | strDiaNacimiento | strAnoNacimiento | strCiudad | strCodigoPostal | strPais | strComputador | strVersionComputador | strLenguaje | strDispositivosMoviles | strModeloDispositivoMovil | strSoMovil | strContrasena |
| Dayana | Estrada | dash1@test.com | June | 21 | 1999 | Monteria | 123456 | Colombia | Windows | 10 | Spanish | Xiaomi | Redmi Note 8 Pro | Android 9 | Dayana99-123 | [Dayana enter personal data [Dayana enters 'Dayana' into Campo para Nombre del usuario, Dayana enters 'Estrada' into Campo para el Apellido del usuario, Dayana enters 'dash1@test.com' into Campo para el correo del usuario, Dayana select June on Campo para mes de nacimiento de usuario, Dayana select 21 on Campo para dia de nacimiento de usuario, Dayana select 1999 on Campo para aÃ±o de nacimiento de usuario, Dayana clicks on BotÃ³n para ir a Location], Dayana enter location data [Dayana enters 'Monteria' into Campo para Ciudad del usuario, Dayana types 'ARROW_DOWN' in Campo para Ciudad del usuario, Dayana types 'ENTER' in Campo para Ciudad del usuario, Dayana enters '123456' into Campo para CÃ³digo postal del usuario, Dayana clicks on Contenedor de los paises, Dayana enters 'Colombia' into Campo para el PaÃ­s del usuario, Dayana clicks on BotÃ³n para ir a Devices], Dayana enter devices [Dayana clicks on Contenedor para Computador, Dayana enters 'Windows' then hits ARROW_DOWN and ENTER into Campo para Computador, Dayana clicks on Contenedor para VersiÃ³n, Dayana enters '10' then hits ARROW_DOWN and ENTER into Campo para VersiÃ³n, Dayana clicks on Contenedor para Lenguaje, Dayana enters 'Spanish' then hits ARROW_DOWN and ENTER into Campo para Lenguaje, Dayana clicks on Contenedor para Dispositivos MÃ³vil, Dayana enters 'Xiaomi' then hits ARROW_DOWN and ENTER into Campo para dispositivo MÃ³vil, Dayana clicks on Contenedor para modelo del dispositivo MÃ³vil, Dayana enters 'Redmi Note 8 Pro' then hits [ENTER] into Campo para el mÃ³delo del dispositivo mÃ³vil, Dayana clicks on Contenedor para el SO del dispositivo MÃ³vil, Dayana enters 'Android 9' then hits [ENTER] into Campo para el SO del dispositivo mÃ³vil, Dayana clicks on BotÃ³n para finalizar]]
[Test worker] WARN net.thucydides.core.steps.BaseStepListener - stepStarted: net.thucydides.core.steps.ExecutedStepDescription@2e76f694
[Test worker] WARN net.thucydides.core.steps.BaseStepListener - stepStarted: net.thucydides.core.steps.ExecutedStepDescription@3540893c
[Test worker] WARN net.thucydides.core.steps.BaseStepListener - stepFinished: current outcome:Register successful:Given the Dayana wants to enter the Utest page [Dayana open up [Dayana opens the Open home page, Dayana clicks on Click on the button join today]], When she performs the registration of your personal data
| strNombre | strApellido | strEmail | strMesNacimiento | strDiaNacimiento | strAnoNacimiento | strCiudad | strCodigoPostal | strPais | strComputador | strVersionComputador | strLenguaje | strDispositivosMoviles | strModeloDispositivoMovil | strSoMovil | strContrasena |
| Dayana | Estrada | dash1@test.com | June | 21 | 1999 | Monteria | 123456 | Colombia | Windows | 10 | Spanish | Xiaomi | Redmi Note 8 Pro | Android 9 | Dayana99-123 | [Dayana enter personal data [Dayana enters 'Dayana' into Campo para Nombre del usuario, Dayana enters 'Estrada' into Campo para el Apellido del usuario, Dayana enters 'dash1@test.com' into Campo para el correo del usuario, Dayana select June on Campo para mes de nacimiento de usuario, Dayana select 21 on Campo para dia de nacimiento de usuario, Dayana select 1999 on Campo para aÃ±o de nacimiento de usuario, Dayana clicks on BotÃ³n para ir a Location], Dayana enter location data [Dayana enters 'Monteria' into Campo para Ciudad del usuario, Dayana types 'ARROW_DOWN' in Campo para Ciudad del usuario, Dayana types 'ENTER' in Campo para Ciudad del usuario, Dayana enters '123456' into Campo para CÃ³digo postal del usuario, Dayana clicks on Contenedor de los paises, Dayana enters 'Colombia' into Campo para el PaÃ­s del usuario, Dayana clicks on BotÃ³n para ir a Devices], Dayana enter devices [Dayana clicks on Contenedor para Computador, Dayana enters 'Windows' then hits ARROW_DOWN and ENTER into Campo para Computador, Dayana clicks on Contenedor para VersiÃ³n, Dayana enters '10' then hits ARROW_DOWN and ENTER into Campo para VersiÃ³n, Dayana clicks on Contenedor para Lenguaje, Dayana enters 'Spanish' then hits ARROW_DOWN and ENTER into Campo para Lenguaje, Dayana clicks on Contenedor para Dispositivos MÃ³vil, Dayana enters 'Xiaomi' then hits ARROW_DOWN and ENTER into Campo para dispositivo MÃ³vil, Dayana clicks on Contenedor para modelo del dispositivo MÃ³vil, Dayana enters 'Redmi Note 8 Pro' then hits [ENTER] into Campo para el mÃ³delo del dispositivo mÃ³vil, Dayana clicks on Contenedor para el SO del dispositivo MÃ³vil, Dayana enters 'Android 9' then hits [ENTER] into Campo para el SO del dispositivo mÃ³vil, Dayana clicks on BotÃ³n para finalizar], Dayana enter final data [Dayana enters 'Dayana99-123' into Campo para ingresar la ContraseÃ±a]]
[Test worker] WARN net.thucydides.core.steps.BaseStepListener - stepStarted: net.thucydides.core.steps.ExecutedStepDescription@75c61a72
[Test worker] WARN net.thucydides.core.steps.BaseStepListener - stepFinished: current outcome:Register successful:Given the Dayana wants to enter the Utest page [Dayana open up [Dayana opens the Open home page, Dayana clicks on Click on the button join today]], When she performs the registration of your personal data
| strNombre | strApellido | strEmail | strMesNacimiento | strDiaNacimiento | strAnoNacimiento | strCiudad | strCodigoPostal | strPais | strComputador | strVersionComputador | strLenguaje | strDispositivosMoviles | strModeloDispositivoMovil | strSoMovil | strContrasena |
| Dayana | Estrada | dash1@test.com | June | 21 | 1999 | Monteria | 123456 | Colombia | Windows | 10 | Spanish | Xiaomi | Redmi Note 8 Pro | Android 9 | Dayana99-123 | [Dayana enter personal data [Dayana enters 'Dayana' into Campo para Nombre del usuario, Dayana enters 'Estrada' into Campo para el Apellido del usuario, Dayana enters 'dash1@test.com' into Campo para el correo del usuario, Dayana select June on Campo para mes de nacimiento de usuario, Dayana select 21 on Campo para dia de nacimiento de usuario, Dayana select 1999 on Campo para aÃ±o de nacimiento de usuario, Dayana clicks on BotÃ³n para ir a Location], Dayana enter location data [Dayana enters 'Monteria' into Campo para Ciudad del usuario, Dayana types 'ARROW_DOWN' in Campo para Ciudad del usuario, Dayana types 'ENTER' in Campo para Ciudad del usuario, Dayana enters '123456' into Campo para CÃ³digo postal del usuario, Dayana clicks on Contenedor de los paises, Dayana enters 'Colombia' into Campo para el PaÃ­s del usuario, Dayana clicks on BotÃ³n para ir a Devices], Dayana enter devices [Dayana clicks on Contenedor para Computador, Dayana enters 'Windows' then hits ARROW_DOWN and ENTER into Campo para Computador, Dayana clicks on Contenedor para VersiÃ³n, Dayana enters '10' then hits ARROW_DOWN and ENTER into Campo para VersiÃ³n, Dayana clicks on Contenedor para Lenguaje, Dayana enters 'Spanish' then hits ARROW_DOWN and ENTER into Campo para Lenguaje, Dayana clicks on Contenedor para Dispositivos MÃ³vil, Dayana enters 'Xiaomi' then hits ARROW_DOWN and ENTER into Campo para dispositivo MÃ³vil, Dayana clicks on Contenedor para modelo del dispositivo MÃ³vil, Dayana enters 'Redmi Note 8 Pro' then hits [ENTER] into Campo para el mÃ³delo del dispositivo mÃ³vil, Dayana clicks on Contenedor para el SO del dispositivo MÃ³vil, Dayana enters 'Android 9' then hits [ENTER] into Campo para el SO del dispositivo mÃ³vil, Dayana clicks on BotÃ³n para finalizar], Dayana enter final data [Dayana enters 'Dayana99-123' into Campo para ingresar la ContraseÃ±a, Dayana enters 'Dayana99-123' into Campo para Confirmar la ContraseÃ±a]]
[Test worker] WARN net.thucydides.core.steps.BaseStepListener - stepStarted: net.thucydides.core.steps.ExecutedStepDescription@a7eecbb
[Test worker] WARN net.thucydides.core.steps.BaseStepListener - stepFinished: current outcome:Register successful:Given the Dayana wants to enter the Utest page [Dayana open up [Dayana opens the Open home page, Dayana clicks on Click on the button join today]], When she performs the registration of your personal data
| strNombre | strApellido | strEmail | strMesNacimiento | strDiaNacimiento | strAnoNacimiento | strCiudad | strCodigoPostal | strPais | strComputador | strVersionComputador | strLenguaje | strDispositivosMoviles | strModeloDispositivoMovil | strSoMovil | strContrasena |
| Dayana | Estrada | dash1@test.com | June | 21 | 1999 | Monteria | 123456 | Colombia | Windows | 10 | Spanish | Xiaomi | Redmi Note 8 Pro | Android 9 | Dayana99-123 | [Dayana enter personal data [Dayana enters 'Dayana' into Campo para Nombre del usuario, Dayana enters 'Estrada' into Campo para el Apellido del usuario, Dayana enters 'dash1@test.com' into Campo para el correo del usuario, Dayana select June on Campo para mes de nacimiento de usuario, Dayana select 21 on Campo para dia de nacimiento de usuario, Dayana select 1999 on Campo para aÃ±o de nacimiento de usuario, Dayana clicks on BotÃ³n para ir a Location], Dayana enter location data [Dayana enters 'Monteria' into Campo para Ciudad del usuario, Dayana types 'ARROW_DOWN' in Campo para Ciudad del usuario, Dayana types 'ENTER' in Campo para Ciudad del usuario, Dayana enters '123456' into Campo para CÃ³digo postal del usuario, Dayana clicks on Contenedor de los paises, Dayana enters 'Colombia' into Campo para el PaÃ­s del usuario, Dayana clicks on BotÃ³n para ir a Devices], Dayana enter devices [Dayana clicks on Contenedor para Computador, Dayana enters 'Windows' then hits ARROW_DOWN and ENTER into Campo para Computador, Dayana clicks on Contenedor para VersiÃ³n, Dayana enters '10' then hits ARROW_DOWN and ENTER into Campo para VersiÃ³n, Dayana clicks on Contenedor para Lenguaje, Dayana enters 'Spanish' then hits ARROW_DOWN and ENTER into Campo para Lenguaje, Dayana clicks on Contenedor para Dispositivos MÃ³vil, Dayana enters 'Xiaomi' then hits ARROW_DOWN and ENTER into Campo para dispositivo MÃ³vil, Dayana clicks on Contenedor para modelo del dispositivo MÃ³vil, Dayana enters 'Redmi Note 8 Pro' then hits [ENTER] into Campo para el mÃ³delo del dispositivo mÃ³vil, Dayana clicks on Contenedor para el SO del dispositivo MÃ³vil, Dayana enters 'Android 9' then hits [ENTER] into Campo para el SO del dispositivo mÃ³vil, Dayana clicks on BotÃ³n para finalizar], Dayana enter final data [Dayana enters 'Dayana99-123' into Campo para ingresar la ContraseÃ±a, Dayana enters 'Dayana99-123' into Campo para Confirmar la ContraseÃ±a, Dayana clicks on Checkbox para mantenerse informado]]
[Test worker] WARN net.thucydides.core.steps.BaseStepListener - stepStarted: net.thucydides.core.steps.ExecutedStepDescription@27bfbc2
[Test worker] WARN net.thucydides.core.steps.BaseStepListener - stepFinished: current outcome:Register successful:Given the Dayana wants to enter the Utest page [Dayana open up [Dayana opens the Open home page, Dayana clicks on Click on the button join today]], When she performs the registration of your personal data
| strNombre | strApellido | strEmail | strMesNacimiento | strDiaNacimiento | strAnoNacimiento | strCiudad | strCodigoPostal | strPais | strComputador | strVersionComputador | strLenguaje | strDispositivosMoviles | strModeloDispositivoMovil | strSoMovil | strContrasena |
| Dayana | Estrada | dash1@test.com | June | 21 | 1999 | Monteria | 123456 | Colombia | Windows | 10 | Spanish | Xiaomi | Redmi Note 8 Pro | Android 9 | Dayana99-123 | [Dayana enter personal data [Dayana enters 'Dayana' into Campo para Nombre del usuario, Dayana enters 'Estrada' into Campo para el Apellido del usuario, Dayana enters 'dash1@test.com' into Campo para el correo del usuario, Dayana select June on Campo para mes de nacimiento de usuario, Dayana select 21 on Campo para dia de nacimiento de usuario, Dayana select 1999 on Campo para aÃ±o de nacimiento de usuario, Dayana clicks on BotÃ³n para ir a Location], Dayana enter location data [Dayana enters 'Monteria' into Campo para Ciudad del usuario, Dayana types 'ARROW_DOWN' in Campo para Ciudad del usuario, Dayana types 'ENTER' in Campo para Ciudad del usuario, Dayana enters '123456' into Campo para CÃ³digo postal del usuario, Dayana clicks on Contenedor de los paises, Dayana enters 'Colombia' into Campo para el PaÃ­s del usuario, Dayana clicks on BotÃ³n para ir a Devices], Dayana enter devices [Dayana clicks on Contenedor para Computador, Dayana enters 'Windows' then hits ARROW_DOWN and ENTER into Campo para Computador, Dayana clicks on Contenedor para VersiÃ³n, Dayana enters '10' then hits ARROW_DOWN and ENTER into Campo para VersiÃ³n, Dayana clicks on Contenedor para Lenguaje, Dayana enters 'Spanish' then hits ARROW_DOWN and ENTER into Campo para Lenguaje, Dayana clicks on Contenedor para Dispositivos MÃ³vil, Dayana enters 'Xiaomi' then hits ARROW_DOWN and ENTER into Campo para dispositivo MÃ³vil, Dayana clicks on Contenedor para modelo del dispositivo MÃ³vil, Dayana enters 'Redmi Note 8 Pro' then hits [ENTER] into Campo para el mÃ³delo del dispositivo mÃ³vil, Dayana clicks on Contenedor para el SO del dispositivo MÃ³vil, Dayana enters 'Android 9' then hits [ENTER] into Campo para el SO del dispositivo mÃ³vil, Dayana clicks on BotÃ³n para finalizar], Dayana enter final data [Dayana enters 'Dayana99-123' into Campo para ingresar la ContraseÃ±a, Dayana enters 'Dayana99-123' into Campo para Confirmar la ContraseÃ±a, Dayana clicks on Checkbox para mantenerse informado, Dayana clicks on Checkbox para terminos de uso de Utest]]
[Test worker] WARN net.thucydides.core.steps.BaseStepListener - stepStarted: net.thucydides.core.steps.ExecutedStepDescription@770076d1
[Test worker] WARN net.thucydides.core.steps.BaseStepListener - stepFinished: current outcome:Register successful:Given the Dayana wants to enter the Utest page [Dayana open up [Dayana opens the Open home page, Dayana clicks on Click on the button join today]], When she performs the registration of your personal data
| strNombre | strApellido | strEmail | strMesNacimiento | strDiaNacimiento | strAnoNacimiento | strCiudad | strCodigoPostal | strPais | strComputador | strVersionComputador | strLenguaje | strDispositivosMoviles | strModeloDispositivoMovil | strSoMovil | strContrasena |
| Dayana | Estrada | dash1@test.com | June | 21 | 1999 | Monteria | 123456 | Colombia | Windows | 10 | Spanish | Xiaomi | Redmi Note 8 Pro | Android 9 | Dayana99-123 | [Dayana enter personal data [Dayana enters 'Dayana' into Campo para Nombre del usuario, Dayana enters 'Estrada' into Campo para el Apellido del usuario, Dayana enters 'dash1@test.com' into Campo para el correo del usuario, Dayana select June on Campo para mes de nacimiento de usuario, Dayana select 21 on Campo para dia de nacimiento de usuario, Dayana select 1999 on Campo para aÃ±o de nacimiento de usuario, Dayana clicks on BotÃ³n para ir a Location], Dayana enter location data [Dayana enters 'Monteria' into Campo para Ciudad del usuario, Dayana types 'ARROW_DOWN' in Campo para Ciudad del usuario, Dayana types 'ENTER' in Campo para Ciudad del usuario, Dayana enters '123456' into Campo para CÃ³digo postal del usuario, Dayana clicks on Contenedor de los paises, Dayana enters 'Colombia' into Campo para el PaÃ­s del usuario, Dayana clicks on BotÃ³n para ir a Devices], Dayana enter devices [Dayana clicks on Contenedor para Computador, Dayana enters 'Windows' then hits ARROW_DOWN and ENTER into Campo para Computador, Dayana clicks on Contenedor para VersiÃ³n, Dayana enters '10' then hits ARROW_DOWN and ENTER into Campo para VersiÃ³n, Dayana clicks on Contenedor para Lenguaje, Dayana enters 'Spanish' then hits ARROW_DOWN and ENTER into Campo para Lenguaje, Dayana clicks on Contenedor para Dispositivos MÃ³vil, Dayana enters 'Xiaomi' then hits ARROW_DOWN and ENTER into Campo para dispositivo MÃ³vil, Dayana clicks on Contenedor para modelo del dispositivo MÃ³vil, Dayana enters 'Redmi Note 8 Pro' then hits [ENTER] into Campo para el mÃ³delo del dispositivo mÃ³vil, Dayana clicks on Contenedor para el SO del dispositivo MÃ³vil, Dayana enters 'Android 9' then hits [ENTER] into Campo para el SO del dispositivo mÃ³vil, Dayana clicks on BotÃ³n para finalizar], Dayana enter final data [Dayana enters 'Dayana99-123' into Campo para ingresar la ContraseÃ±a, Dayana enters 'Dayana99-123' into Campo para Confirmar la ContraseÃ±a, Dayana clicks on Checkbox para mantenerse informado, Dayana clicks on Checkbox para terminos de uso de Utest, Dayana clicks on Checkbox para  Privacidad]]
[Test worker] WARN net.thucydides.core.steps.BaseStepListener - stepStarted: net.thucydides.core.steps.ExecutedStepDescription@5613f554
[Test worker] WARN net.thucydides.core.steps.BaseStepListener - stepFinished: current outcome:Register successful:Given the Dayana wants to enter the Utest page [Dayana open up [Dayana opens the Open home page, Dayana clicks on Click on the button join today]], When she performs the registration of your personal data
| strNombre | strApellido | strEmail | strMesNacimiento | strDiaNacimiento | strAnoNacimiento | strCiudad | strCodigoPostal | strPais | strComputador | strVersionComputador | strLenguaje | strDispositivosMoviles | strModeloDispositivoMovil | strSoMovil | strContrasena |
| Dayana | Estrada | dash1@test.com | June | 21 | 1999 | Monteria | 123456 | Colombia | Windows | 10 | Spanish | Xiaomi | Redmi Note 8 Pro | Android 9 | Dayana99-123 | [Dayana enter personal data [Dayana enters 'Dayana' into Campo para Nombre del usuario, Dayana enters 'Estrada' into Campo para el Apellido del usuario, Dayana enters 'dash1@test.com' into Campo para el correo del usuario, Dayana select June on Campo para mes de nacimiento de usuario, Dayana select 21 on Campo para dia de nacimiento de usuario, Dayana select 1999 on Campo para aÃ±o de nacimiento de usuario, Dayana clicks on BotÃ³n para ir a Location], Dayana enter location data [Dayana enters 'Monteria' into Campo para Ciudad del usuario, Dayana types 'ARROW_DOWN' in Campo para Ciudad del usuario, Dayana types 'ENTER' in Campo para Ciudad del usuario, Dayana enters '123456' into Campo para CÃ³digo postal del usuario, Dayana clicks on Contenedor de los paises, Dayana enters 'Colombia' into Campo para el PaÃ­s del usuario, Dayana clicks on BotÃ³n para ir a Devices], Dayana enter devices [Dayana clicks on Contenedor para Computador, Dayana enters 'Windows' then hits ARROW_DOWN and ENTER into Campo para Computador, Dayana clicks on Contenedor para VersiÃ³n, Dayana enters '10' then hits ARROW_DOWN and ENTER into Campo para VersiÃ³n, Dayana clicks on Contenedor para Lenguaje, Dayana enters 'Spanish' then hits ARROW_DOWN and ENTER into Campo para Lenguaje, Dayana clicks on Contenedor para Dispositivos MÃ³vil, Dayana enters 'Xiaomi' then hits ARROW_DOWN and ENTER into Campo para dispositivo MÃ³vil, Dayana clicks on Contenedor para modelo del dispositivo MÃ³vil, Dayana enters 'Redmi Note 8 Pro' then hits [ENTER] into Campo para el mÃ³delo del dispositivo mÃ³vil, Dayana clicks on Contenedor para el SO del dispositivo MÃ³vil, Dayana enters 'Android 9' then hits [ENTER] into Campo para el SO del dispositivo mÃ³vil, Dayana clicks on BotÃ³n para finalizar], Dayana enter final data [Dayana enters 'Dayana99-123' into Campo para ingresar la ContraseÃ±a, Dayana enters 'Dayana99-123' into Campo para Confirmar la ContraseÃ±a, Dayana clicks on Checkbox para mantenerse informado, Dayana clicks on Checkbox para terminos de uso de Utest, Dayana clicks on Checkbox para  Privacidad, Dayana clicks on BotÃ³n para  Completar]]
[Test worker] WARN net.thucydides.core.steps.BaseStepListener - stepFinished: current outcome:Register successful:Given the Dayana wants to enter the Utest page [Dayana open up [Dayana opens the Open home page, Dayana clicks on Click on the button join today]], When she performs the registration of your personal data
| strNombre | strApellido | strEmail | strMesNacimiento | strDiaNacimiento | strAnoNacimiento | strCiudad | strCodigoPostal | strPais | strComputador | strVersionComputador | strLenguaje | strDispositivosMoviles | strModeloDispositivoMovil | strSoMovil | strContrasena |
| Dayana | Estrada | dash1@test.com | June | 21 | 1999 | Monteria | 123456 | Colombia | Windows | 10 | Spanish | Xiaomi | Redmi Note 8 Pro | Android 9 | Dayana99-123 | [Dayana enter personal data [Dayana enters 'Dayana' into Campo para Nombre del usuario, Dayana enters 'Estrada' into Campo para el Apellido del usuario, Dayana enters 'dash1@test.com' into Campo para el correo del usuario, Dayana select June on Campo para mes de nacimiento de usuario, Dayana select 21 on Campo para dia de nacimiento de usuario, Dayana select 1999 on Campo para aÃ±o de nacimiento de usuario, Dayana clicks on BotÃ³n para ir a Location], Dayana enter location data [Dayana enters 'Monteria' into Campo para Ciudad del usuario, Dayana types 'ARROW_DOWN' in Campo para Ciudad del usuario, Dayana types 'ENTER' in Campo para Ciudad del usuario, Dayana enters '123456' into Campo para CÃ³digo postal del usuario, Dayana clicks on Contenedor de los paises, Dayana enters 'Colombia' into Campo para el PaÃ­s del usuario, Dayana clicks on BotÃ³n para ir a Devices], Dayana enter devices [Dayana clicks on Contenedor para Computador, Dayana enters 'Windows' then hits ARROW_DOWN and ENTER into Campo para Computador, Dayana clicks on Contenedor para VersiÃ³n, Dayana enters '10' then hits ARROW_DOWN and ENTER into Campo para VersiÃ³n, Dayana clicks on Contenedor para Lenguaje, Dayana enters 'Spanish' then hits ARROW_DOWN and ENTER into Campo para Lenguaje, Dayana clicks on Contenedor para Dispositivos MÃ³vil, Dayana enters 'Xiaomi' then hits ARROW_DOWN and ENTER into Campo para dispositivo MÃ³vil, Dayana clicks on Contenedor para modelo del dispositivo MÃ³vil, Dayana enters 'Redmi Note 8 Pro' then hits [ENTER] into Campo para el mÃ³delo del dispositivo mÃ³vil, Dayana clicks on Contenedor para el SO del dispositivo MÃ³vil, Dayana enters 'Android 9' then hits [ENTER] into Campo para el SO del dispositivo mÃ³vil, Dayana clicks on BotÃ³n para finalizar], Dayana enter final data [Dayana enters 'Dayana99-123' into Campo para ingresar la ContraseÃ±a, Dayana enters 'Dayana99-123' into Campo para Confirmar la ContraseÃ±a, Dayana clicks on Checkbox para mantenerse informado, Dayana clicks on Checkbox para terminos de uso de Utest, Dayana clicks on Checkbox para  Privacidad, Dayana clicks on BotÃ³n para  Completar]]
[Test worker] WARN net.thucydides.core.steps.BaseStepListener - stepFinished: current outcome:Register successful:Given the Dayana wants to enter the Utest page [Dayana open up [Dayana opens the Open home page, Dayana clicks on Click on the button join today]], When she performs the registration of your personal data
| strNombre | strApellido | strEmail | strMesNacimiento | strDiaNacimiento | strAnoNacimiento | strCiudad | strCodigoPostal | strPais | strComputador | strVersionComputador | strLenguaje | strDispositivosMoviles | strModeloDispositivoMovil | strSoMovil | strContrasena |
| Dayana | Estrada | dash1@test.com | June | 21 | 1999 | Monteria | 123456 | Colombia | Windows | 10 | Spanish | Xiaomi | Redmi Note 8 Pro | Android 9 | Dayana99-123 | [Dayana enter personal data [Dayana enters 'Dayana' into Campo para Nombre del usuario, Dayana enters 'Estrada' into Campo para el Apellido del usuario, Dayana enters 'dash1@test.com' into Campo para el correo del usuario, Dayana select June on Campo para mes de nacimiento de usuario, Dayana select 21 on Campo para dia de nacimiento de usuario, Dayana select 1999 on Campo para aÃ±o de nacimiento de usuario, Dayana clicks on BotÃ³n para ir a Location], Dayana enter location data [Dayana enters 'Monteria' into Campo para Ciudad del usuario, Dayana types 'ARROW_DOWN' in Campo para Ciudad del usuario, Dayana types 'ENTER' in Campo para Ciudad del usuario, Dayana enters '123456' into Campo para CÃ³digo postal del usuario, Dayana clicks on Contenedor de los paises, Dayana enters 'Colombia' into Campo para el PaÃ­s del usuario, Dayana clicks on BotÃ³n para ir a Devices], Dayana enter devices [Dayana clicks on Contenedor para Computador, Dayana enters 'Windows' then hits ARROW_DOWN and ENTER into Campo para Computador, Dayana clicks on Contenedor para VersiÃ³n, Dayana enters '10' then hits ARROW_DOWN and ENTER into Campo para VersiÃ³n, Dayana clicks on Contenedor para Lenguaje, Dayana enters 'Spanish' then hits ARROW_DOWN and ENTER into Campo para Lenguaje, Dayana clicks on Contenedor para Dispositivos MÃ³vil, Dayana enters 'Xiaomi' then hits ARROW_DOWN and ENTER into Campo para dispositivo MÃ³vil, Dayana clicks on Contenedor para modelo del dispositivo MÃ³vil, Dayana enters 'Redmi Note 8 Pro' then hits [ENTER] into Campo para el mÃ³delo del dispositivo mÃ³vil, Dayana clicks on Contenedor para el SO del dispositivo MÃ³vil, Dayana enters 'Android 9' then hits [ENTER] into Campo para el SO del dispositivo mÃ³vil, Dayana clicks on BotÃ³n para finalizar], Dayana enter final data [Dayana enters 'Dayana99-123' into Campo para ingresar la ContraseÃ±a, Dayana enters 'Dayana99-123' into Campo para Confirmar la ContraseÃ±a, Dayana clicks on Checkbox para mantenerse informado, Dayana clicks on Checkbox para terminos de uso de Utest, Dayana clicks on Checkbox para  Privacidad, Dayana clicks on BotÃ³n para  Completar]]
[Test worker] WARN net.thucydides.core.steps.BaseStepListener - stepStarted: net.thucydides.core.steps.ExecutedStepDescription@754e3af5
[Test worker] WARN net.thucydides.core.steps.BaseStepListener - stepStarted: net.thucydides.core.steps.ExecutedStepDescription@25db9da6
[Test worker] WARN net.thucydides.core.steps.BaseStepListener - stepFinished: current outcome:Register successful:Given the Dayana wants to enter the Utest page [Dayana open up [Dayana opens the Open home page, Dayana clicks on Click on the button join today]], When she performs the registration of your personal data
| strNombre | strApellido | strEmail | strMesNacimiento | strDiaNacimiento | strAnoNacimiento | strCiudad | strCodigoPostal | strPais | strComputador | strVersionComputador | strLenguaje | strDispositivosMoviles | strModeloDispositivoMovil | strSoMovil | strContrasena |
| Dayana | Estrada | dash1@test.com | June | 21 | 1999 | Monteria | 123456 | Colombia | Windows | 10 | Spanish | Xiaomi | Redmi Note 8 Pro | Android 9 | Dayana99-123 | [Dayana enter personal data [Dayana enters 'Dayana' into Campo para Nombre del usuario, Dayana enters 'Estrada' into Campo para el Apellido del usuario, Dayana enters 'dash1@test.com' into Campo para el correo del usuario, Dayana select June on Campo para mes de nacimiento de usuario, Dayana select 21 on Campo para dia de nacimiento de usuario, Dayana select 1999 on Campo para aÃ±o de nacimiento de usuario, Dayana clicks on BotÃ³n para ir a Location], Dayana enter location data [Dayana enters 'Monteria' into Campo para Ciudad del usuario, Dayana types 'ARROW_DOWN' in Campo para Ciudad del usuario, Dayana types 'ENTER' in Campo para Ciudad del usuario, Dayana enters '123456' into Campo para CÃ³digo postal del usuario, Dayana clicks on Contenedor de los paises, Dayana enters 'Colombia' into Campo para el PaÃ­s del usuario, Dayana clicks on BotÃ³n para ir a Devices], Dayana enter devices [Dayana clicks on Contenedor para Computador, Dayana enters 'Windows' then hits ARROW_DOWN and ENTER into Campo para Computador, Dayana clicks on Contenedor para VersiÃ³n, Dayana enters '10' then hits ARROW_DOWN and ENTER into Campo para VersiÃ³n, Dayana clicks on Contenedor para Lenguaje, Dayana enters 'Spanish' then hits ARROW_DOWN and ENTER into Campo para Lenguaje, Dayana clicks on Contenedor para Dispositivos MÃ³vil, Dayana enters 'Xiaomi' then hits ARROW_DOWN and ENTER into Campo para dispositivo MÃ³vil, Dayana clicks on Contenedor para modelo del dispositivo MÃ³vil, Dayana enters 'Redmi Note 8 Pro' then hits [ENTER] into Campo para el mÃ³delo del dispositivo mÃ³vil, Dayana clicks on Contenedor para el SO del dispositivo MÃ³vil, Dayana enters 'Android 9' then hits [ENTER] into Campo para el SO del dispositivo mÃ³vil, Dayana clicks on BotÃ³n para finalizar], Dayana enter final data [Dayana enters 'Dayana99-123' into Campo para ingresar la ContraseÃ±a, Dayana enters 'Dayana99-123' into Campo para Confirmar la ContraseÃ±a, Dayana clicks on Checkbox para mantenerse informado, Dayana clicks on Checkbox para terminos de uso de Utest, Dayana clicks on Checkbox para  Privacidad, Dayana clicks on BotÃ³n para  Completar]], Then she has successfully registered
| strTextoFinal |
| Complete Setup | [Then responder]
[Test worker] WARN net.thucydides.core.steps.BaseStepListener - stepFinished: current outcome:Register successful:Given the Dayana wants to enter the Utest page [Dayana open up [Dayana opens the Open home page, Dayana clicks on Click on the button join today]], When she performs the registration of your personal data
| strNombre | strApellido | strEmail | strMesNacimiento | strDiaNacimiento | strAnoNacimiento | strCiudad | strCodigoPostal | strPais | strComputador | strVersionComputador | strLenguaje | strDispositivosMoviles | strModeloDispositivoMovil | strSoMovil | strContrasena |
| Dayana | Estrada | dash1@test.com | June | 21 | 1999 | Monteria | 123456 | Colombia | Windows | 10 | Spanish | Xiaomi | Redmi Note 8 Pro | Android 9 | Dayana99-123 | [Dayana enter personal data [Dayana enters 'Dayana' into Campo para Nombre del usuario, Dayana enters 'Estrada' into Campo para el Apellido del usuario, Dayana enters 'dash1@test.com' into Campo para el correo del usuario, Dayana select June on Campo para mes de nacimiento de usuario, Dayana select 21 on Campo para dia de nacimiento de usuario, Dayana select 1999 on Campo para aÃ±o de nacimiento de usuario, Dayana clicks on BotÃ³n para ir a Location], Dayana enter location data [Dayana enters 'Monteria' into Campo para Ciudad del usuario, Dayana types 'ARROW_DOWN' in Campo para Ciudad del usuario, Dayana types 'ENTER' in Campo para Ciudad del usuario, Dayana enters '123456' into Campo para CÃ³digo postal del usuario, Dayana clicks on Contenedor de los paises, Dayana enters 'Colombia' into Campo para el PaÃ­s del usuario, Dayana clicks on BotÃ³n para ir a Devices], Dayana enter devices [Dayana clicks on Contenedor para Computador, Dayana enters 'Windows' then hits ARROW_DOWN and ENTER into Campo para Computador, Dayana clicks on Contenedor para VersiÃ³n, Dayana enters '10' then hits ARROW_DOWN and ENTER into Campo para VersiÃ³n, Dayana clicks on Contenedor para Lenguaje, Dayana enters 'Spanish' then hits ARROW_DOWN and ENTER into Campo para Lenguaje, Dayana clicks on Contenedor para Dispositivos MÃ³vil, Dayana enters 'Xiaomi' then hits ARROW_DOWN and ENTER into Campo para dispositivo MÃ³vil, Dayana clicks on Contenedor para modelo del dispositivo MÃ³vil, Dayana enters 'Redmi Note 8 Pro' then hits [ENTER] into Campo para el mÃ³delo del dispositivo mÃ³vil, Dayana clicks on Contenedor para el SO del dispositivo MÃ³vil, Dayana enters 'Android 9' then hits [ENTER] into Campo para el SO del dispositivo mÃ³vil, Dayana clicks on BotÃ³n para finalizar], Dayana enter final data [Dayana enters 'Dayana99-123' into Campo para ingresar la ContraseÃ±a, Dayana enters 'Dayana99-123' into Campo para Confirmar la ContraseÃ±a, Dayana clicks on Checkbox para mantenerse informado, Dayana clicks on Checkbox para terminos de uso de Utest, Dayana clicks on Checkbox para  Privacidad, Dayana clicks on BotÃ³n para  Completar]], Then she has successfully registered
| strTextoFinal |
| Complete Setup | [Then responder]
[Test worker] WARN net.thucydides.core.steps.BaseStepListener - testFinished: Register successful:Given the Dayana wants to enter the Utest page [Dayana open up [Dayana opens the Open home page, Dayana clicks on Click on the button join today]], When she performs the registration of your personal data
| strNombre | strApellido | strEmail | strMesNacimiento | strDiaNacimiento | strAnoNacimiento | strCiudad | strCodigoPostal | strPais | strComputador | strVersionComputador | strLenguaje | strDispositivosMoviles | strModeloDispositivoMovil | strSoMovil | strContrasena |
| Dayana | Estrada | dash1@test.com | June | 21 | 1999 | Monteria | 123456 | Colombia | Windows | 10 | Spanish | Xiaomi | Redmi Note 8 Pro | Android 9 | Dayana99-123 | [Dayana enter personal data [Dayana enters 'Dayana' into Campo para Nombre del usuario, Dayana enters 'Estrada' into Campo para el Apellido del usuario, Dayana enters 'dash1@test.com' into Campo para el correo del usuario, Dayana select June on Campo para mes de nacimiento de usuario, Dayana select 21 on Campo para dia de nacimiento de usuario, Dayana select 1999 on Campo para aÃ±o de nacimiento de usuario, Dayana clicks on BotÃ³n para ir a Location], Dayana enter location data [Dayana enters 'Monteria' into Campo para Ciudad del usuario, Dayana types 'ARROW_DOWN' in Campo para Ciudad del usuario, Dayana types 'ENTER' in Campo para Ciudad del usuario, Dayana enters '123456' into Campo para CÃ³digo postal del usuario, Dayana clicks on Contenedor de los paises, Dayana enters 'Colombia' into Campo para el PaÃ­s del usuario, Dayana clicks on BotÃ³n para ir a Devices], Dayana enter devices [Dayana clicks on Contenedor para Computador, Dayana enters 'Windows' then hits ARROW_DOWN and ENTER into Campo para Computador, Dayana clicks on Contenedor para VersiÃ³n, Dayana enters '10' then hits ARROW_DOWN and ENTER into Campo para VersiÃ³n, Dayana clicks on Contenedor para Lenguaje, Dayana enters 'Spanish' then hits ARROW_DOWN and ENTER into Campo para Lenguaje, Dayana clicks on Contenedor para Dispositivos MÃ³vil, Dayana enters 'Xiaomi' then hits ARROW_DOWN and ENTER into Campo para dispositivo MÃ³vil, Dayana clicks on Contenedor para modelo del dispositivo MÃ³vil, Dayana enters 'Redmi Note 8 Pro' then hits [ENTER] into Campo para el mÃ³delo del dispositivo mÃ³vil, Dayana clicks on Contenedor para el SO del dispositivo MÃ³vil, Dayana enters 'Android 9' then hits [ENTER] into Campo para el SO del dispositivo mÃ³vil, Dayana clicks on BotÃ³n para finalizar], Dayana enter final data [Dayana enters 'Dayana99-123' into Campo para ingresar la ContraseÃ±a, Dayana enters 'Dayana99-123' into Campo para Confirmar la ContraseÃ±a, Dayana clicks on Checkbox para mantenerse informado, Dayana clicks on Checkbox para terminos de uso de Utest, Dayana clicks on Checkbox para  Privacidad, Dayana clicks on BotÃ³n para  Completar]], Then she has successfully registered
| strTextoFinal |
| Complete Setup | [Then responder]
[Test worker] WARN net.thucydides.core.steps.BaseStepListener - TestOutcomes: [Register successful:Given the Dayana wants to enter the Utest page [Dayana open up [Dayana opens the Open home page, Dayana clicks on Click on the button join today]], When she performs the registration of your personal data
| strNombre | strApellido | strEmail | strMesNacimiento | strDiaNacimiento | strAnoNacimiento | strCiudad | strCodigoPostal | strPais | strComputador | strVersionComputador | strLenguaje | strDispositivosMoviles | strModeloDispositivoMovil | strSoMovil | strContrasena |
| Dayana | Estrada | dash1@test.com | June | 21 | 1999 | Monteria | 123456 | Colombia | Windows | 10 | Spanish | Xiaomi | Redmi Note 8 Pro | Android 9 | Dayana99-123 | [Dayana enter personal data [Dayana enters 'Dayana' into Campo para Nombre del usuario, Dayana enters 'Estrada' into Campo para el Apellido del usuario, Dayana enters 'dash1@test.com' into Campo para el correo del usuario, Dayana select June on Campo para mes de nacimiento de usuario, Dayana select 21 on Campo para dia de nacimiento de usuario, Dayana select 1999 on Campo para aÃ±o de nacimiento de usuario, Dayana clicks on BotÃ³n para ir a Location], Dayana enter location data [Dayana enters 'Monteria' into Campo para Ciudad del usuario, Dayana types 'ARROW_DOWN' in Campo para Ciudad del usuario, Dayana types 'ENTER' in Campo para Ciudad del usuario, Dayana enters '123456' into Campo para CÃ³digo postal del usuario, Dayana clicks on Contenedor de los paises, Dayana enters 'Colombia' into Campo para el PaÃ­s del usuario, Dayana clicks on BotÃ³n para ir a Devices], Dayana enter devices [Dayana clicks on Contenedor para Computador, Dayana enters 'Windows' then hits ARROW_DOWN and ENTER into Campo para Computador, Dayana clicks on Contenedor para VersiÃ³n, Dayana enters '10' then hits ARROW_DOWN and ENTER into Campo para VersiÃ³n, Dayana clicks on Contenedor para Lenguaje, Dayana enters 'Spanish' then hits ARROW_DOWN and ENTER into Campo para Lenguaje, Dayana clicks on Contenedor para Dispositivos MÃ³vil, Dayana enters 'Xiaomi' then hits ARROW_DOWN and ENTER into Campo para dispositivo MÃ³vil, Dayana clicks on Contenedor para modelo del dispositivo MÃ³vil, Dayana enters 'Redmi Note 8 Pro' then hits [ENTER] into Campo para el mÃ³delo del dispositivo mÃ³vil, Dayana clicks on Contenedor para el SO del dispositivo MÃ³vil, Dayana enters 'Android 9' then hits [ENTER] into Campo para el SO del dispositivo mÃ³vil, Dayana clicks on BotÃ³n para finalizar], Dayana enter final data [Dayana enters 'Dayana99-123' into Campo para ingresar la ContraseÃ±a, Dayana enters 'Dayana99-123' into Campo para Confirmar la ContraseÃ±a, Dayana clicks on Checkbox para mantenerse informado, Dayana clicks on Checkbox para terminos de uso de Utest, Dayana clicks on Checkbox para  Privacidad, Dayana clicks on BotÃ³n para  Completar]], Then she has successfully registered
| strTextoFinal |
| Complete Setup | [Then responder]]
[Test worker] WARN net.thucydides.core.steps.BaseStepListener - Final testOutcomes: [Register successful:Given the Dayana wants to enter the Utest page [Dayana open up [Dayana opens the Open home page, Dayana clicks on Click on the button join today]], When she performs the registration of your personal data
| strNombre | strApellido | strEmail | strMesNacimiento | strDiaNacimiento | strAnoNacimiento | strCiudad | strCodigoPostal | strPais | strComputador | strVersionComputador | strLenguaje | strDispositivosMoviles | strModeloDispositivoMovil | strSoMovil | strContrasena |
| Dayana | Estrada | dash1@test.com | June | 21 | 1999 | Monteria | 123456 | Colombia | Windows | 10 | Spanish | Xiaomi | Redmi Note 8 Pro | Android 9 | Dayana99-123 | [Dayana enter personal data [Dayana enters 'Dayana' into Campo para Nombre del usuario, Dayana enters 'Estrada' into Campo para el Apellido del usuario, Dayana enters 'dash1@test.com' into Campo para el correo del usuario, Dayana select June on Campo para mes de nacimiento de usuario, Dayana select 21 on Campo para dia de nacimiento de usuario, Dayana select 1999 on Campo para aÃ±o de nacimiento de usuario, Dayana clicks on BotÃ³n para ir a Location], Dayana enter location data [Dayana enters 'Monteria' into Campo para Ciudad del usuario, Dayana types 'ARROW_DOWN' in Campo para Ciudad del usuario, Dayana types 'ENTER' in Campo para Ciudad del usuario, Dayana enters '123456' into Campo para CÃ³digo postal del usuario, Dayana clicks on Contenedor de los paises, Dayana enters 'Colombia' into Campo para el PaÃ­s del usuario, Dayana clicks on BotÃ³n para ir a Devices], Dayana enter devices [Dayana clicks on Contenedor para Computador, Dayana enters 'Windows' then hits ARROW_DOWN and ENTER into Campo para Computador, Dayana clicks on Contenedor para VersiÃ³n, Dayana enters '10' then hits ARROW_DOWN and ENTER into Campo para VersiÃ³n, Dayana clicks on Contenedor para Lenguaje, Dayana enters 'Spanish' then hits ARROW_DOWN and ENTER into Campo para Lenguaje, Dayana clicks on Contenedor para Dispositivos MÃ³vil, Dayana enters 'Xiaomi' then hits ARROW_DOWN and ENTER into Campo para dispositivo MÃ³vil, Dayana clicks on Contenedor para modelo del dispositivo MÃ³vil, Dayana enters 'Redmi Note 8 Pro' then hits [ENTER] into Campo para el mÃ³delo del dispositivo mÃ³vil, Dayana clicks on Contenedor para el SO del dispositivo MÃ³vil, Dayana enters 'Android 9' then hits [ENTER] into Campo para el SO del dispositivo mÃ³vil, Dayana clicks on BotÃ³n para finalizar], Dayana enter final data [Dayana enters 'Dayana99-123' into Campo para ingresar la ContraseÃ±a, Dayana enters 'Dayana99-123' into Campo para Confirmar la ContraseÃ±a, Dayana clicks on Checkbox para mantenerse informado, Dayana clicks on Checkbox para terminos de uso de Utest, Dayana clicks on Checkbox para  Privacidad, Dayana clicks on BotÃ³n para  Completar]], Then she has successfully registered
| strTextoFinal |
| Complete Setup | [Then responder]]
[Test worker] INFO net.thucydides.core.steps.ConsoleLoggingListener - 
        __    _____ _____ ____ _____   ____   _    ____  ____  _____ ____  
  _     \ \  |_   _| ____/ ___|_   _| |  _ \ / \  / ___|/ ___|| ____|  _ \ 
 (_)_____| |   | | |  _| \___ \ | |   | |_) / _ \ \___ \\___ \|  _| | | | |
  _|_____| |   | | | |___ ___) || |   |  __/ ___ \ ___) |___) | |___| |_| |
 (_)     | |   |_| |_____|____/ |_|   |_| /_/   \_\____/|____/|_____|____/ 
        /_/                                                                

TEST PASSED: Register successful
----------------------------------------------------------------------------
]]></system-err>
</testsuite>
